Sun 06 Oct 2024 01:57:33 INFO random_seed=2024
use_gpu=True
learning_rate=6e-06
train_batch_size=32
test_batch_size=1
epoch_nums=200
test_step=10
display_train_step=1
gpu_id=5
training_resume=False
load_best_config=False
supervising_mode=fully_supervised
validset_divide=True
test_only=False
shuffle=True
model_config_file=gectoolkit/properties/model/SynGEC.json
best_config_file=gectoolkit/properties/best_config/SynGEC_Visual_text.json
dataset_config_file=gectoolkit/properties/dataset/Visual_text.json
dataset_dir=dataset/Visual_text
checkpoint_file=checkpoint/SynGEC-Visual_text.pth
log_file=log/SynGEC-Visual_text.log
output_dir=result/SynGEC-Visual_text
checkpoint_dir=checkpoint/SynGEC-Visual_text
min_word_keep=5
min_generate_keep=5
language=zh
fp16_init_scale=128
distributed_port=-1
decoder_embed_path=None
quant_noise_pq_block_size=8
best_checkpoint_metric=loss
cross_self_attention=False
validate_interval=1
tie_adaptive_weights=False
bpe=None
decoder_normalize_before=False
cpu=False
optimizer_overrides={}
quant_noise_pq=0
lr_scheduler=polynomial_decay
no_save_optimizer_state=False
train_subset=train
no_cross_attention=False
distributed_world_size=1
decoder_layerdrop=0
skip_invalid_size_inputs_valid_test=True
lr=[0.0005]
slowmo_momentum=None
log_interval=100
user_dir=./gectoolkit/model/SynGEC/src/src_syngec/syngec_model
min_loss_scale=0.0001
dual_aggregation_freeze=True
decoder_output_dim=1024
curriculum=0
scoring=bleu
optimizer=adam
adam_betas=(0.9,0.999)
share_decoder_input_output_embed=True
fp16_no_flatten_grads=False
distributed_backend=nccl
adaptive_input=False
dpd_suffix=['dpd']
attention_dropout=0.0
fp16=True
pipeline_checkpoint=never
fix_batches_to_gpus=False
fp16_scale_tolerance=0.0
valid_subset=valid
gen_subset=test
no_last_checkpoints=False
decoder_attention_heads=16
distributed_wrapper=DDP
activation_dropout=0.0
log_format=tqdm
decoder_embed_dim=1024
dual_aggregation_beta=0.5
disable_validation=False
quant_noise_scalar=0
use_bmuf=False
gat_encoder_layers=3
arch=syntax_enhanced_bart_large
eval_bleu_print_samples=False
no_scale_embedding=True
zero_sharding=none
pipeline_decoder_devices=None
save_interval_updates=0
localsgd_frequency=3
ignore_prefix_size=0
eval_bleu_args=None
encoder_layerdrop=0
syntax_type=['dep']
distributed_no_spawn=False
left_pad_source=True
decoder_layers=12
adaptive_softmax_cutoff=None
upsample_primary=1
ddp_backend=c10d
validate_after_updates=0
power=1.0
data_buffer_size=10
memory_efficient_bf16=False
num_batch_buckets=0
share_all_embeddings=True
alpha=1.0
gated_sum=False
distributed_init_method=None
report_accuracy=False
end_learning_rate=0.0
batch_size_valid=None
pipeline_devices=None
left_pad_target=False
source_word_dropout_probs=False
bf16=False
swm_suffix=swm
encoder_embed_dim=1024
force_anneal=None
no_epoch_checkpoints=False
syntax_encoder=GCN
encoder_ffn_embed_dim=4096
label_smoothing=0.1
num_shards=1
find_unused_parameters=True
no_progress_bar=False
load_alignments=False
use_old_adam=False
eval_bleu_detok_args=None
tensorboard_logdir=None
slowmo_algorithm=LocalSGD
fast_stat_sync=False
layernorm_embedding=True
encoder_layers_to_keep=None
eval_bleu_remove_bpe=None
scale_syntax_encoder_lr=None
eval_bleu=False
fp16_scale_window=None
pipeline_encoder_balance=None
pipeline_encoder_devices=None
relu_dropout=0.0
threshold_loss_scale=None
activation_fn=gelu
task=syntax-enhanced-translation
target_lang=tgt
bart_model_file_from_transformers=None
all_gather_list_size=16384
stop_time_hours=0
validate_interval_updates=0
save_interval=1
conll_suffix=['conll']
empty_cache_freq=0
encoder_learned_pos=True
tpu=False
nprocs_per_node=1
keep_last_epochs=10
device_id=0
source_lang_with_nt=src_nt
use_dpd=False
pipeline_chunks=0
cross_syntax_fuse=False
keep_interval_updates=-1
encoder_embed_path=None
adam_eps=1e-08
model_parallel_size=1
sentence_avg=False
encoder_layers=12
decoder_ffn_embed_dim=4096
dataset_impl=None
criterion=label_smoothed_cross_entropy
fixed_validation_seed=None
profile=False
distributed_rank=0
source_lang=src
eval_tokenized_bleu=False
source_word_dropout=0.2
adaptive_softmax_dropout=0
syntax_model_file=None
checkpoint_suffix=
required_seq_len_multiple=1
no_save=False
use_syntax=True
probs_suffix=['probs']
decoder_learned_pos=True
decoder_input_dim=1024
memory_efficient_fp16=False
decoder_layers_to_keep=None
gat_attention_heads=4
bucket_cap_mb=25
checkpoint_shard_count=1
pipeline_model_parallel=False
encoder_normalize_before=False
keep_best_checkpoints=-1
no_token_positional_embeddings=False
pooler_activation_fn=tanh
shard_id=0
only_dsa=False
max_update=0
encoder_attention_heads=16
freeze_bart_parameters=True
tokenizer=None
total_num_update=1000000
pipeline_decoder_balance=None
quantization_config_path=None
broadcast_buffers=False
batch_size=None
maximize_best_checkpoint_metric=False
pooler_dropout=0.0
warmup_updates=2000
min_lr=-1.0
only_gnn=True
eval_bleu_detok=space
no_seed_provided=False
truncate_source=False
pipeline_balance=None
model=SynGEC
dataset=Visual_text
augment=none
method=text
correctionmodel=SynGEC
device=cuda
map_location=cuda
gpu_nums=1


Sun 06 Oct 2024 02:00:07 INFO random_seed=2024
use_gpu=True
learning_rate=6e-06
train_batch_size=32
test_batch_size=1
epoch_nums=200
test_step=10
display_train_step=1
gpu_id=5
training_resume=False
load_best_config=False
supervising_mode=fully_supervised
validset_divide=True
test_only=False
shuffle=True
model_config_file=gectoolkit/properties/model/SynGEC.json
best_config_file=gectoolkit/properties/best_config/SynGEC_Visual_text.json
dataset_config_file=gectoolkit/properties/dataset/Visual_text.json
dataset_dir=dataset/Visual_text
checkpoint_file=checkpoint/SynGEC-Visual_text.pth
log_file=log/SynGEC-Visual_text.log
output_dir=result/SynGEC-Visual_text
checkpoint_dir=checkpoint/SynGEC-Visual_text
min_word_keep=5
min_generate_keep=5
language=zh
fp16_init_scale=128
distributed_port=-1
decoder_embed_path=None
quant_noise_pq_block_size=8
best_checkpoint_metric=loss
cross_self_attention=False
validate_interval=1
tie_adaptive_weights=False
bpe=None
decoder_normalize_before=False
cpu=False
optimizer_overrides={}
quant_noise_pq=0
lr_scheduler=polynomial_decay
no_save_optimizer_state=False
train_subset=train
no_cross_attention=False
distributed_world_size=1
decoder_layerdrop=0
skip_invalid_size_inputs_valid_test=True
lr=[0.0005]
slowmo_momentum=None
log_interval=100
user_dir=./gectoolkit/model/SynGEC/src/src_syngec/syngec_model
min_loss_scale=0.0001
dual_aggregation_freeze=True
decoder_output_dim=1024
curriculum=0
scoring=bleu
optimizer=adam
adam_betas=(0.9,0.999)
share_decoder_input_output_embed=True
fp16_no_flatten_grads=False
distributed_backend=nccl
adaptive_input=False
dpd_suffix=['dpd']
attention_dropout=0.0
fp16=True
pipeline_checkpoint=never
fix_batches_to_gpus=False
fp16_scale_tolerance=0.0
valid_subset=valid
gen_subset=test
no_last_checkpoints=False
decoder_attention_heads=16
distributed_wrapper=DDP
activation_dropout=0.0
log_format=tqdm
decoder_embed_dim=1024
dual_aggregation_beta=0.5
disable_validation=False
quant_noise_scalar=0
use_bmuf=False
gat_encoder_layers=3
arch=syntax_enhanced_bart_large
eval_bleu_print_samples=False
no_scale_embedding=True
zero_sharding=none
pipeline_decoder_devices=None
save_interval_updates=0
localsgd_frequency=3
ignore_prefix_size=0
eval_bleu_args=None
encoder_layerdrop=0
syntax_type=['dep']
distributed_no_spawn=False
left_pad_source=True
decoder_layers=12
adaptive_softmax_cutoff=None
upsample_primary=1
ddp_backend=c10d
validate_after_updates=0
power=1.0
data_buffer_size=10
memory_efficient_bf16=False
num_batch_buckets=0
share_all_embeddings=True
alpha=1.0
gated_sum=False
distributed_init_method=None
report_accuracy=False
end_learning_rate=0.0
batch_size_valid=None
pipeline_devices=None
left_pad_target=False
source_word_dropout_probs=False
bf16=False
swm_suffix=swm
encoder_embed_dim=1024
force_anneal=None
no_epoch_checkpoints=False
syntax_encoder=GCN
encoder_ffn_embed_dim=4096
label_smoothing=0.1
num_shards=1
find_unused_parameters=True
no_progress_bar=False
load_alignments=False
use_old_adam=False
eval_bleu_detok_args=None
tensorboard_logdir=None
slowmo_algorithm=LocalSGD
fast_stat_sync=False
layernorm_embedding=True
encoder_layers_to_keep=None
eval_bleu_remove_bpe=None
scale_syntax_encoder_lr=None
eval_bleu=False
fp16_scale_window=None
pipeline_encoder_balance=None
pipeline_encoder_devices=None
relu_dropout=0.0
threshold_loss_scale=None
activation_fn=gelu
task=syntax-enhanced-translation
target_lang=tgt
bart_model_file_from_transformers=None
all_gather_list_size=16384
stop_time_hours=0
validate_interval_updates=0
save_interval=1
conll_suffix=['conll']
empty_cache_freq=0
encoder_learned_pos=True
tpu=False
nprocs_per_node=1
keep_last_epochs=10
device_id=0
source_lang_with_nt=src_nt
use_dpd=False
pipeline_chunks=0
cross_syntax_fuse=False
keep_interval_updates=-1
encoder_embed_path=None
adam_eps=1e-08
model_parallel_size=1
sentence_avg=False
encoder_layers=12
decoder_ffn_embed_dim=4096
dataset_impl=None
criterion=label_smoothed_cross_entropy
fixed_validation_seed=None
profile=False
distributed_rank=0
source_lang=src
eval_tokenized_bleu=False
source_word_dropout=0.2
adaptive_softmax_dropout=0
syntax_model_file=None
checkpoint_suffix=
required_seq_len_multiple=1
no_save=False
use_syntax=True
probs_suffix=['probs']
decoder_learned_pos=True
decoder_input_dim=1024
memory_efficient_fp16=False
decoder_layers_to_keep=None
gat_attention_heads=4
bucket_cap_mb=25
checkpoint_shard_count=1
pipeline_model_parallel=False
encoder_normalize_before=False
keep_best_checkpoints=-1
no_token_positional_embeddings=False
pooler_activation_fn=tanh
shard_id=0
only_dsa=False
max_update=0
encoder_attention_heads=16
freeze_bart_parameters=True
tokenizer=None
total_num_update=1000000
pipeline_decoder_balance=None
quantization_config_path=None
broadcast_buffers=False
batch_size=None
maximize_best_checkpoint_metric=False
pooler_dropout=0.0
warmup_updates=2000
min_lr=-1.0
only_gnn=True
eval_bleu_detok=space
no_seed_provided=False
truncate_source=False
pipeline_balance=None
model=SynGEC
dataset=Visual_text
augment=none
method=text
correctionmodel=SynGEC
device=cuda
map_location=cuda
gpu_nums=1


Sun 06 Oct 2024 02:00:07 INFO [src] dictionary: 21132 types
Sun 06 Oct 2024 02:00:07 INFO [tgt] dictionary: 21132 types
Sun 06 Oct 2024 02:00:07 INFO [syntax label0] dictionary: 51 types
Sun 06 Oct 2024 02:00:07 INFO [src] dictionary: 21132 types
Sun 06 Oct 2024 02:00:07 INFO [tgt] dictionary: 21132 types
Sun 06 Oct 2024 02:00:07 INFO [syntax label0] dictionary: 51 types
Sun 06 Oct 2024 02:00:07 INFO loaded 245 examples from: ./gectoolkit/properties/model/SynGEC/preprocess/preprocess_data/chinese_Visual_text_with_syntax_bart/bin/valid.src-tgt.src
Sun 06 Oct 2024 02:00:07 INFO loaded 245 examples from: ./gectoolkit/properties/model/SynGEC/preprocess/preprocess_data/chinese_Visual_text_with_syntax_bart/bin/valid.src-tgt.tgt
Sun 06 Oct 2024 02:00:07 INFO ./gectoolkit/properties/model/SynGEC/preprocess/preprocess_data/chinese_Visual_text_with_syntax_bart/bin valid src-tgt 245 examples
Sun 06 Oct 2024 02:00:07 INFO loaded 245 examples from: ./gectoolkit/properties/model/SynGEC/preprocess/preprocess_data/chinese_Visual_text_with_syntax_bart/bin/valid.conll.src-tgt.src
Sun 06 Oct 2024 02:00:07 INFO loaded 245 examples from: ./gectoolkit/properties/model/SynGEC/preprocess/preprocess_data/chinese_Visual_text_with_syntax_bart/bin/valid.dpd.src-tgt.src
Sun 06 Oct 2024 02:00:07 INFO loaded 245 examples from: ./gectoolkit/properties/model/SynGEC/preprocess/preprocess_data/chinese_Visual_text_with_syntax_bart/bin/valid.probs.src-tgt.src
Sun 06 Oct 2024 02:00:07 INFO success! syntax types: 1, source conll lines: 245
Sun 06 Oct 2024 02:00:07 INFO loaded 1960 examples from: ./gectoolkit/properties/model/SynGEC/preprocess/preprocess_data/chinese_Visual_text_with_syntax_bart/bin/train.src-tgt.src
Sun 06 Oct 2024 02:00:07 INFO loaded 1960 examples from: ./gectoolkit/properties/model/SynGEC/preprocess/preprocess_data/chinese_Visual_text_with_syntax_bart/bin/train.src-tgt.tgt
Sun 06 Oct 2024 02:00:07 INFO ./gectoolkit/properties/model/SynGEC/preprocess/preprocess_data/chinese_Visual_text_with_syntax_bart/bin train src-tgt 1960 examples
Sun 06 Oct 2024 02:00:07 INFO loaded 1960 examples from: ./gectoolkit/properties/model/SynGEC/preprocess/preprocess_data/chinese_Visual_text_with_syntax_bart/bin/train.conll.src-tgt.src
Sun 06 Oct 2024 02:00:07 INFO loaded 1960 examples from: ./gectoolkit/properties/model/SynGEC/preprocess/preprocess_data/chinese_Visual_text_with_syntax_bart/bin/train.dpd.src-tgt.src
Sun 06 Oct 2024 02:00:07 INFO loaded 1960 examples from: ./gectoolkit/properties/model/SynGEC/preprocess/preprocess_data/chinese_Visual_text_with_syntax_bart/bin/train.probs.src-tgt.src
Sun 06 Oct 2024 02:00:07 INFO success! syntax types: 1, source conll lines: 1960
Sun 06 Oct 2024 02:00:07 INFO loaded 246 examples from: ./gectoolkit/properties/model/SynGEC/preprocess/preprocess_data/chinese_Visual_text_test_with_syntax_bart/bin/test.conll.src-tgt.src
Sun 06 Oct 2024 02:00:07 INFO loaded 246 examples from: ./gectoolkit/properties/model/SynGEC/preprocess/preprocess_data/chinese_Visual_text_test_with_syntax_bart/bin/test.dpd.src-tgt.src
Sun 06 Oct 2024 02:00:07 INFO loaded 246 examples from: ./gectoolkit/properties/model/SynGEC/preprocess/preprocess_data/chinese_Visual_text_test_with_syntax_bart/bin/test.probs.src-tgt.src
Sun 06 Oct 2024 02:00:07 INFO success! syntax types: 1, source conll lines: 246
Sun 06 Oct 2024 02:00:15 INFO detected shared parameter: encoder.sentence_encoder.embed_tokens.weight <- decoder.embed_tokens.weight
Sun 06 Oct 2024 02:00:15 INFO detected shared parameter: encoder.sentence_encoder.embed_tokens.weight <- decoder.output_projection.weight
Sun 06 Oct 2024 02:00:15 INFO ***********************CUDA enviroments for all 1 workers***********************
Sun 06 Oct 2024 02:00:15 INFO rank   0: capabilities =  8.0  ; total memory = 79.151 GB ; name = NVIDIA A800 80GB PCIe                   
Sun 06 Oct 2024 02:00:15 INFO ***********************CUDA enviroments for all 1 workers***********************
Sun 06 Oct 2024 02:00:19 INFO loaded checkpoint ./gectoolkit/properties/model/SynGEC/preprocess/gopar/chinese_Visual_text_bart_baseline/checkpoint_best.pt (epoch 20 @ 1267 updates)
Sun 06 Oct 2024 02:00:19 INFO loading train data for epoch 20
Sun 06 Oct 2024 02:00:19 INFO loaded 1960 examples from: ./gectoolkit/properties/model/SynGEC/preprocess/preprocess_data/chinese_Visual_text_with_syntax_bart/bin/train.src-tgt.src
Sun 06 Oct 2024 02:00:19 INFO loaded 1960 examples from: ./gectoolkit/properties/model/SynGEC/preprocess/preprocess_data/chinese_Visual_text_with_syntax_bart/bin/train.src-tgt.tgt
Sun 06 Oct 2024 02:00:19 INFO ./gectoolkit/properties/model/SynGEC/preprocess/preprocess_data/chinese_Visual_text_with_syntax_bart/bin train src-tgt 1960 examples
Sun 06 Oct 2024 02:00:19 INFO loaded 1960 examples from: ./gectoolkit/properties/model/SynGEC/preprocess/preprocess_data/chinese_Visual_text_with_syntax_bart/bin/train.conll.src-tgt.src
Sun 06 Oct 2024 02:00:19 INFO loaded 1960 examples from: ./gectoolkit/properties/model/SynGEC/preprocess/preprocess_data/chinese_Visual_text_with_syntax_bart/bin/train.dpd.src-tgt.src
Sun 06 Oct 2024 02:00:19 INFO loaded 1960 examples from: ./gectoolkit/properties/model/SynGEC/preprocess/preprocess_data/chinese_Visual_text_with_syntax_bart/bin/train.probs.src-tgt.src
Sun 06 Oct 2024 02:00:19 INFO success! syntax types: 1, source conll lines: 1960
Sun 06 Oct 2024 02:00:20 INFO SynGEC(
  (model): SyntaxEnhancedBARTModel(
    (encoder): SyntaxEnhancedTransformerEncoder(
      (sentence_encoder): SyntaxEnhancedSentenceTransformerEncoder(
        (dropout_module): FairseqDropout()
        (embed_tokens): Embedding(21132, 1024, padding_idx=1)
        (embed_positions): LearnedPositionalEmbedding(514, 1024, padding_idx=1)
        (layernorm_embedding): LayerNorm((1024,), eps=1e-05, elementwise_affine=True)
        (layers): ModuleList(
          (0-11): 12 x DSATransformerEncoderLayer(
            (self_attn): DSAMultiheadAttention(
              (dropout_module): FairseqDropout()
              (k_proj): Linear(in_features=1024, out_features=1024, bias=True)
              (v_proj): Linear(in_features=1024, out_features=1024, bias=True)
              (q_proj): Linear(in_features=1024, out_features=1024, bias=True)
              (out_proj): Linear(in_features=1024, out_features=1024, bias=True)
            )
            (self_attn_layer_norm): LayerNorm((1024,), eps=1e-05, elementwise_affine=True)
            (dropout_module): FairseqDropout()
            (activation_dropout_module): FairseqDropout()
            (fc1): Linear(in_features=1024, out_features=4096, bias=True)
            (fc2): Linear(in_features=4096, out_features=1024, bias=True)
            (final_layer_norm): LayerNorm((1024,), eps=1e-05, elementwise_affine=True)
          )
        )
      )
      (syntax_encoder): SyntaxEnhancedSyntaxGuidedTransformerEncoder(
        (dropout_module): FairseqDropout()
        (embed_tokens): Embedding(51, 1024, padding_idx=0)
        (layers): ModuleList(
          (0-2): 3 x GCNSyntaxGuidedTransformerEncoderLayer(
            (gcn_layer_norm): LayerNorm((1024,), eps=1e-05, elementwise_affine=True)
            (dropout_module): FairseqDropout()
            (activation_dropout_module): FairseqDropout()
            (W_out): Linear(in_features=2048, out_features=1024, bias=True)
            (W_in): Linear(in_features=2048, out_features=1024, bias=True)
            (fc): Linear(in_features=1024, out_features=1024, bias=True)
            (fc1): Linear(in_features=1024, out_features=4096, bias=True)
            (fc2): Linear(in_features=4096, out_features=1024, bias=True)
            (final_layer_norm): LayerNorm((1024,), eps=1e-05, elementwise_affine=True)
          )
        )
      )
    )
    (decoder): SyntaxEnhancedTransformerDecoder(
      (dropout_module): FairseqDropout()
      (embed_tokens): Embedding(21132, 1024, padding_idx=1)
      (embed_positions): LearnedPositionalEmbedding(514, 1024, padding_idx=1)
      (layernorm_embedding): LayerNorm((1024,), eps=1e-05, elementwise_affine=True)
      (layers): ModuleList(
        (0-11): 12 x TransformerDecoderLayer(
          (dropout_module): FairseqDropout()
          (self_attn): MultiheadAttention(
            (dropout_module): FairseqDropout()
            (k_proj): Linear(in_features=1024, out_features=1024, bias=True)
            (v_proj): Linear(in_features=1024, out_features=1024, bias=True)
            (q_proj): Linear(in_features=1024, out_features=1024, bias=True)
            (out_proj): Linear(in_features=1024, out_features=1024, bias=True)
          )
          (activation_dropout_module): FairseqDropout()
          (self_attn_layer_norm): LayerNorm((1024,), eps=1e-05, elementwise_affine=True)
          (encoder_attn): MultiheadAttention(
            (dropout_module): FairseqDropout()
            (k_proj): Linear(in_features=1024, out_features=1024, bias=True)
            (v_proj): Linear(in_features=1024, out_features=1024, bias=True)
            (q_proj): Linear(in_features=1024, out_features=1024, bias=True)
            (out_proj): Linear(in_features=1024, out_features=1024, bias=True)
          )
          (encoder_attn_layer_norm): LayerNorm((1024,), eps=1e-05, elementwise_affine=True)
          (fc1): Linear(in_features=1024, out_features=4096, bias=True)
          (fc2): Linear(in_features=4096, out_features=1024, bias=True)
          (final_layer_norm): LayerNorm((1024,), eps=1e-05, elementwise_affine=True)
        )
      )
      (output_projection): Linear(in_features=1024, out_features=21132, bias=False)
    )
    (classification_heads): ModuleDict()
  )
  (criterion): LabelSmoothedCrossEntropyCriterion()
)
Sun 06 Oct 2024 02:00:20 INFO start training...
Sun 06 Oct 2024 02:00:21 INFO | supervised_trainer |NOTE: overflow detected, setting loss scale to: 64.0
Sun 06 Oct 2024 02:00:21 INFO | supervised_trainer |NOTE: overflow detected, setting loss scale to: 32.0
Sun 06 Oct 2024 02:00:22 INFO | supervised_trainer |NOTE: overflow detected, setting loss scale to: 16.0
Sun 06 Oct 2024 02:00:23 INFO | supervised_trainer |NOTE: overflow detected, setting loss scale to: 8.0
Sun 06 Oct 2024 02:00:25 INFO | supervised_trainer |NOTE: overflow detected, setting loss scale to: 4.0
Sun 06 Oct 2024 02:00:33 INFO epoch [  1] train time 0h 0m 12s |  loss |[6075.791]
Sun 06 Oct 2024 02:00:39 INFO | supervised_trainer |NOTE: overflow detected, setting loss scale to: 2.0
Sun 06 Oct 2024 02:00:44 INFO epoch [  2] train time 0h 0m 11s |  loss |[5267.657]
Sun 06 Oct 2024 02:00:56 INFO epoch [  3] train time 0h 0m 11s |  loss |[4403.639]
Sun 06 Oct 2024 02:01:07 INFO epoch [  4] train time 0h 0m 11s |  loss |[2435.808]
Sun 06 Oct 2024 02:01:19 INFO epoch [  5] train time 0h 0m 11s |  loss |[1834.587]
Sun 06 Oct 2024 02:01:30 INFO epoch [  6] train time 0h 0m 11s |  loss |[1656.530]
Sun 06 Oct 2024 02:01:42 INFO epoch [  7] train time 0h 0m 11s |  loss |[1595.903]
Sun 06 Oct 2024 02:01:53 INFO epoch [  8] train time 0h 0m 11s |  loss |[1534.953]
Sun 06 Oct 2024 02:02:05 INFO epoch [  9] train time 0h 0m 11s |  loss |[1510.102]
Sun 06 Oct 2024 02:02:16 INFO epoch [ 10] train time 0h 0m 11s |  loss |[1491.187]
Sun 06 Oct 2024 02:03:31 INFO ---------- valid total [245] | valid precision [0.234] | valid recall [0.241] | valid f0.5 [0.210] | valid time 0h 1m 15s
Sun 06 Oct 2024 02:04:46 INFO ---------- test total [246] | test precision [0.270] | test recall [0.265] | test f0.5 [0.228] | test time 0h 1m 15s
Sun 06 Oct 2024 02:04:59 INFO epoch [ 11] train time 0h 0m 11s |  loss |[1483.503]
Sun 06 Oct 2024 02:05:10 INFO epoch [ 12] train time 0h 0m 11s |  loss |[1452.987]
Sun 06 Oct 2024 02:05:22 INFO epoch [ 13] train time 0h 0m 11s |  loss |[1446.912]
Sun 06 Oct 2024 02:05:33 INFO epoch [ 14] train time 0h 0m 11s |  loss |[1432.748]
Sun 06 Oct 2024 02:05:45 INFO epoch [ 15] train time 0h 0m 11s |  loss |[1426.071]
Sun 06 Oct 2024 02:05:56 INFO epoch [ 16] train time 0h 0m 11s |  loss |[1415.043]
Sun 06 Oct 2024 02:06:08 INFO epoch [ 17] train time 0h 0m 11s |  loss |[1409.333]
Sun 06 Oct 2024 02:06:19 INFO epoch [ 18] train time 0h 0m 11s |  loss |[1398.156]
Sun 06 Oct 2024 02:06:31 INFO epoch [ 19] train time 0h 0m 11s |  loss |[1393.825]
Sun 06 Oct 2024 02:06:43 INFO epoch [ 20] train time 0h 0m 11s |  loss |[1384.478]
Sun 06 Oct 2024 02:07:57 INFO ---------- valid total [245] | valid precision [0.256] | valid recall [0.266] | valid f0.5 [0.233] | valid time 0h 1m 14s
Sun 06 Oct 2024 02:09:12 INFO ---------- test total [246] | test precision [0.254] | test recall [0.264] | test f0.5 [0.225] | test time 0h 1m 14s
Sun 06 Oct 2024 02:09:25 INFO epoch [ 21] train time 0h 0m 11s |  loss |[1381.201]
Sun 06 Oct 2024 02:09:37 INFO epoch [ 22] train time 0h 0m 11s |  loss |[1376.227]
Sun 06 Oct 2024 02:09:48 INFO epoch [ 23] train time 0h 0m 11s |  loss |[1374.562]
Sun 06 Oct 2024 02:10:00 INFO epoch [ 24] train time 0h 0m 11s |  loss |[1371.092]
Sun 06 Oct 2024 02:10:11 INFO epoch [ 25] train time 0h 0m 11s |  loss |[1366.958]
Sun 06 Oct 2024 02:10:23 INFO epoch [ 26] train time 0h 0m 11s |  loss |[1365.483]
Sun 06 Oct 2024 02:10:34 INFO epoch [ 27] train time 0h 0m 11s |  loss |[1357.798]
Sun 06 Oct 2024 02:10:46 INFO epoch [ 28] train time 0h 0m 11s |  loss |[1353.667]
Sun 06 Oct 2024 02:10:58 INFO epoch [ 29] train time 0h 0m 11s |  loss |[1350.268]
Sun 06 Oct 2024 02:11:09 INFO epoch [ 30] train time 0h 0m 11s |  loss |[1347.072]
Sun 06 Oct 2024 02:12:23 INFO ---------- valid total [245] | valid precision [0.260] | valid recall [0.268] | valid f0.5 [0.237] | valid time 0h 1m 14s
Sun 06 Oct 2024 02:13:37 INFO ---------- test total [246] | test precision [0.270] | test recall [0.269] | test f0.5 [0.233] | test time 0h 1m 13s
Sun 06 Oct 2024 02:13:51 INFO epoch [ 31] train time 0h 0m 11s |  loss |[1346.172]
Sun 06 Oct 2024 02:14:02 INFO epoch [ 32] train time 0h 0m 11s |  loss |[1349.109]
Sun 06 Oct 2024 02:14:14 INFO epoch [ 33] train time 0h 0m 11s |  loss |[1343.749]
Sun 06 Oct 2024 02:14:25 INFO epoch [ 34] train time 0h 0m 11s |  loss |[1341.150]
Sun 06 Oct 2024 02:14:37 INFO epoch [ 35] train time 0h 0m 11s |  loss |[1334.781]
Sun 06 Oct 2024 02:14:49 INFO epoch [ 36] train time 0h 0m 11s |  loss |[1330.668]
Sun 06 Oct 2024 02:15:00 INFO epoch [ 37] train time 0h 0m 11s |  loss |[1331.699]
Sun 06 Oct 2024 02:15:12 INFO epoch [ 38] train time 0h 0m 11s |  loss |[1329.004]
Sun 06 Oct 2024 02:15:23 INFO epoch [ 39] train time 0h 0m 11s |  loss |[1327.642]
Sun 06 Oct 2024 02:15:35 INFO epoch [ 40] train time 0h 0m 11s |  loss |[1329.531]
Sun 06 Oct 2024 02:16:50 INFO ---------- valid total [245] | valid precision [0.271] | valid recall [0.279] | valid f0.5 [0.247] | valid time 0h 1m 15s
Sun 06 Oct 2024 02:37:41 INFO random_seed=2024
use_gpu=True
learning_rate=6e-06
train_batch_size=32
test_batch_size=1
epoch_nums=200
test_step=10
display_train_step=1
gpu_id=5
training_resume=False
load_best_config=False
supervising_mode=fully_supervised
validset_divide=True
test_only=False
shuffle=True
model_config_file=gectoolkit/properties/model/SynGEC.json
best_config_file=gectoolkit/properties/best_config/SynGEC_Visual_text.json
dataset_config_file=gectoolkit/properties/dataset/Visual_text.json
dataset_dir=dataset/Visual_text
checkpoint_file=checkpoint/SynGEC-Visual_text.pth
log_file=log/SynGEC-Visual_text.log
output_dir=result/SynGEC-Visual_text
checkpoint_dir=checkpoint/SynGEC-Visual_text
min_word_keep=5
min_generate_keep=5
language=zh
fp16_init_scale=128
distributed_port=-1
decoder_embed_path=None
quant_noise_pq_block_size=8
best_checkpoint_metric=loss
cross_self_attention=False
validate_interval=1
tie_adaptive_weights=False
bpe=None
decoder_normalize_before=False
cpu=False
optimizer_overrides={}
quant_noise_pq=0
lr_scheduler=polynomial_decay
no_save_optimizer_state=False
train_subset=train
no_cross_attention=False
distributed_world_size=1
decoder_layerdrop=0
skip_invalid_size_inputs_valid_test=True
lr=[0.0005]
slowmo_momentum=None
log_interval=100
user_dir=./gectoolkit/model/SynGEC/src/src_syngec/syngec_model
min_loss_scale=0.0001
dual_aggregation_freeze=True
decoder_output_dim=1024
curriculum=0
scoring=bleu
optimizer=adam
adam_betas=(0.9,0.999)
share_decoder_input_output_embed=True
fp16_no_flatten_grads=False
distributed_backend=nccl
adaptive_input=False
dpd_suffix=['dpd']
attention_dropout=0.0
fp16=True
pipeline_checkpoint=never
fix_batches_to_gpus=False
fp16_scale_tolerance=0.0
valid_subset=valid
gen_subset=test
no_last_checkpoints=False
decoder_attention_heads=16
distributed_wrapper=DDP
activation_dropout=0.0
log_format=tqdm
decoder_embed_dim=1024
dual_aggregation_beta=0.5
disable_validation=False
quant_noise_scalar=0
use_bmuf=False
gat_encoder_layers=3
arch=syntax_enhanced_bart_large
eval_bleu_print_samples=False
no_scale_embedding=True
zero_sharding=none
pipeline_decoder_devices=None
save_interval_updates=0
localsgd_frequency=3
ignore_prefix_size=0
eval_bleu_args=None
encoder_layerdrop=0
syntax_type=['dep']
distributed_no_spawn=False
left_pad_source=True
decoder_layers=12
adaptive_softmax_cutoff=None
upsample_primary=1
ddp_backend=c10d
validate_after_updates=0
power=1.0
data_buffer_size=10
memory_efficient_bf16=False
num_batch_buckets=0
share_all_embeddings=True
alpha=1.0
gated_sum=False
distributed_init_method=None
report_accuracy=False
end_learning_rate=0.0
batch_size_valid=None
pipeline_devices=None
left_pad_target=False
source_word_dropout_probs=False
bf16=False
swm_suffix=swm
encoder_embed_dim=1024
force_anneal=None
no_epoch_checkpoints=False
syntax_encoder=GCN
encoder_ffn_embed_dim=4096
label_smoothing=0.1
num_shards=1
find_unused_parameters=True
no_progress_bar=False
load_alignments=False
use_old_adam=False
eval_bleu_detok_args=None
tensorboard_logdir=None
slowmo_algorithm=LocalSGD
fast_stat_sync=False
layernorm_embedding=True
encoder_layers_to_keep=None
eval_bleu_remove_bpe=None
scale_syntax_encoder_lr=None
eval_bleu=False
fp16_scale_window=None
pipeline_encoder_balance=None
pipeline_encoder_devices=None
relu_dropout=0.0
threshold_loss_scale=None
activation_fn=gelu
task=syntax-enhanced-translation
target_lang=tgt
bart_model_file_from_transformers=None
all_gather_list_size=16384
stop_time_hours=0
validate_interval_updates=0
save_interval=1
conll_suffix=['conll']
empty_cache_freq=0
encoder_learned_pos=True
tpu=False
nprocs_per_node=1
keep_last_epochs=10
device_id=0
source_lang_with_nt=src_nt
use_dpd=False
pipeline_chunks=0
cross_syntax_fuse=False
keep_interval_updates=-1
encoder_embed_path=None
adam_eps=1e-08
model_parallel_size=1
sentence_avg=False
encoder_layers=12
decoder_ffn_embed_dim=4096
dataset_impl=None
criterion=label_smoothed_cross_entropy
fixed_validation_seed=None
profile=False
distributed_rank=0
source_lang=src
eval_tokenized_bleu=False
source_word_dropout=0.2
adaptive_softmax_dropout=0
syntax_model_file=None
checkpoint_suffix=
required_seq_len_multiple=1
no_save=False
use_syntax=True
probs_suffix=['probs']
decoder_learned_pos=True
decoder_input_dim=1024
memory_efficient_fp16=False
decoder_layers_to_keep=None
gat_attention_heads=4
bucket_cap_mb=25
checkpoint_shard_count=1
pipeline_model_parallel=False
encoder_normalize_before=False
keep_best_checkpoints=-1
no_token_positional_embeddings=False
pooler_activation_fn=tanh
shard_id=0
only_dsa=False
max_update=0
encoder_attention_heads=16
freeze_bart_parameters=True
tokenizer=None
total_num_update=1000000
pipeline_decoder_balance=None
quantization_config_path=None
broadcast_buffers=False
batch_size=None
maximize_best_checkpoint_metric=False
pooler_dropout=0.0
warmup_updates=2000
min_lr=-1.0
only_gnn=True
eval_bleu_detok=space
no_seed_provided=False
truncate_source=False
pipeline_balance=None
model=SynGEC
dataset=Visual_text
augment=none
method=text
correctionmodel=SynGEC
device=cuda
map_location=cuda
gpu_nums=1


Sun 06 Oct 2024 02:37:41 INFO [src] dictionary: 21132 types
Sun 06 Oct 2024 02:37:41 INFO [tgt] dictionary: 21132 types
Sun 06 Oct 2024 02:37:41 INFO [syntax label0] dictionary: 51 types
Sun 06 Oct 2024 02:37:41 INFO [src] dictionary: 21132 types
Sun 06 Oct 2024 02:37:41 INFO [tgt] dictionary: 21132 types
Sun 06 Oct 2024 02:37:41 INFO [syntax label0] dictionary: 51 types
Sun 06 Oct 2024 02:37:41 INFO loaded 245 examples from: ./gectoolkit/properties/model/SynGEC/preprocess/preprocess_data/chinese_Visual_text_with_syntax_bart/bin/valid.src-tgt.src
Sun 06 Oct 2024 02:37:41 INFO loaded 245 examples from: ./gectoolkit/properties/model/SynGEC/preprocess/preprocess_data/chinese_Visual_text_with_syntax_bart/bin/valid.src-tgt.tgt
Sun 06 Oct 2024 02:37:41 INFO ./gectoolkit/properties/model/SynGEC/preprocess/preprocess_data/chinese_Visual_text_with_syntax_bart/bin valid src-tgt 245 examples
Sun 06 Oct 2024 02:37:41 INFO loaded 245 examples from: ./gectoolkit/properties/model/SynGEC/preprocess/preprocess_data/chinese_Visual_text_with_syntax_bart/bin/valid.conll.src-tgt.src
Sun 06 Oct 2024 02:37:41 INFO loaded 245 examples from: ./gectoolkit/properties/model/SynGEC/preprocess/preprocess_data/chinese_Visual_text_with_syntax_bart/bin/valid.dpd.src-tgt.src
Sun 06 Oct 2024 02:37:41 INFO loaded 245 examples from: ./gectoolkit/properties/model/SynGEC/preprocess/preprocess_data/chinese_Visual_text_with_syntax_bart/bin/valid.probs.src-tgt.src
Sun 06 Oct 2024 02:37:41 INFO success! syntax types: 1, source conll lines: 245
Sun 06 Oct 2024 02:37:41 INFO loaded 1960 examples from: ./gectoolkit/properties/model/SynGEC/preprocess/preprocess_data/chinese_Visual_text_with_syntax_bart/bin/train.src-tgt.src
Sun 06 Oct 2024 02:37:41 INFO loaded 1960 examples from: ./gectoolkit/properties/model/SynGEC/preprocess/preprocess_data/chinese_Visual_text_with_syntax_bart/bin/train.src-tgt.tgt
Sun 06 Oct 2024 02:37:41 INFO ./gectoolkit/properties/model/SynGEC/preprocess/preprocess_data/chinese_Visual_text_with_syntax_bart/bin train src-tgt 1960 examples
Sun 06 Oct 2024 02:37:41 INFO loaded 1960 examples from: ./gectoolkit/properties/model/SynGEC/preprocess/preprocess_data/chinese_Visual_text_with_syntax_bart/bin/train.conll.src-tgt.src
Sun 06 Oct 2024 02:37:41 INFO loaded 1960 examples from: ./gectoolkit/properties/model/SynGEC/preprocess/preprocess_data/chinese_Visual_text_with_syntax_bart/bin/train.dpd.src-tgt.src
Sun 06 Oct 2024 02:37:41 INFO loaded 1960 examples from: ./gectoolkit/properties/model/SynGEC/preprocess/preprocess_data/chinese_Visual_text_with_syntax_bart/bin/train.probs.src-tgt.src
Sun 06 Oct 2024 02:37:41 INFO success! syntax types: 1, source conll lines: 1960
Sun 06 Oct 2024 02:37:41 INFO loaded 246 examples from: ./gectoolkit/properties/model/SynGEC/preprocess/preprocess_data/chinese_Visual_text_test_with_syntax_bart/bin/test.conll.src-tgt.src
Sun 06 Oct 2024 02:37:41 INFO loaded 246 examples from: ./gectoolkit/properties/model/SynGEC/preprocess/preprocess_data/chinese_Visual_text_test_with_syntax_bart/bin/test.dpd.src-tgt.src
Sun 06 Oct 2024 02:37:41 INFO loaded 246 examples from: ./gectoolkit/properties/model/SynGEC/preprocess/preprocess_data/chinese_Visual_text_test_with_syntax_bart/bin/test.probs.src-tgt.src
Sun 06 Oct 2024 02:37:41 INFO success! syntax types: 1, source conll lines: 246
Sun 06 Oct 2024 02:37:50 INFO detected shared parameter: encoder.sentence_encoder.embed_tokens.weight <- decoder.embed_tokens.weight
Sun 06 Oct 2024 02:37:50 INFO detected shared parameter: encoder.sentence_encoder.embed_tokens.weight <- decoder.output_projection.weight
Sun 06 Oct 2024 02:37:50 INFO ***********************CUDA enviroments for all 1 workers***********************
Sun 06 Oct 2024 02:37:50 INFO rank   0: capabilities =  8.0  ; total memory = 79.151 GB ; name = NVIDIA A800 80GB PCIe                   
Sun 06 Oct 2024 02:37:50 INFO ***********************CUDA enviroments for all 1 workers***********************
Sun 06 Oct 2024 02:37:53 INFO loaded checkpoint ./gectoolkit/properties/model/SynGEC/preprocess/gopar/chinese_Visual_text_bart_baseline/checkpoint_best.pt (epoch 20 @ 1267 updates)
Sun 06 Oct 2024 02:37:53 INFO loading train data for epoch 20
Sun 06 Oct 2024 02:37:53 INFO loaded 1960 examples from: ./gectoolkit/properties/model/SynGEC/preprocess/preprocess_data/chinese_Visual_text_with_syntax_bart/bin/train.src-tgt.src
Sun 06 Oct 2024 02:37:53 INFO loaded 1960 examples from: ./gectoolkit/properties/model/SynGEC/preprocess/preprocess_data/chinese_Visual_text_with_syntax_bart/bin/train.src-tgt.tgt
Sun 06 Oct 2024 02:37:53 INFO ./gectoolkit/properties/model/SynGEC/preprocess/preprocess_data/chinese_Visual_text_with_syntax_bart/bin train src-tgt 1960 examples
Sun 06 Oct 2024 02:37:53 INFO loaded 1960 examples from: ./gectoolkit/properties/model/SynGEC/preprocess/preprocess_data/chinese_Visual_text_with_syntax_bart/bin/train.conll.src-tgt.src
Sun 06 Oct 2024 02:37:53 INFO loaded 1960 examples from: ./gectoolkit/properties/model/SynGEC/preprocess/preprocess_data/chinese_Visual_text_with_syntax_bart/bin/train.dpd.src-tgt.src
Sun 06 Oct 2024 02:37:53 INFO loaded 1960 examples from: ./gectoolkit/properties/model/SynGEC/preprocess/preprocess_data/chinese_Visual_text_with_syntax_bart/bin/train.probs.src-tgt.src
Sun 06 Oct 2024 02:37:53 INFO success! syntax types: 1, source conll lines: 1960
Sun 06 Oct 2024 02:37:54 INFO SynGEC(
  (model): SyntaxEnhancedBARTModel(
    (encoder): SyntaxEnhancedTransformerEncoder(
      (sentence_encoder): SyntaxEnhancedSentenceTransformerEncoder(
        (dropout_module): FairseqDropout()
        (embed_tokens): Embedding(21132, 1024, padding_idx=1)
        (embed_positions): LearnedPositionalEmbedding(514, 1024, padding_idx=1)
        (layernorm_embedding): LayerNorm((1024,), eps=1e-05, elementwise_affine=True)
        (layers): ModuleList(
          (0-11): 12 x DSATransformerEncoderLayer(
            (self_attn): DSAMultiheadAttention(
              (dropout_module): FairseqDropout()
              (k_proj): Linear(in_features=1024, out_features=1024, bias=True)
              (v_proj): Linear(in_features=1024, out_features=1024, bias=True)
              (q_proj): Linear(in_features=1024, out_features=1024, bias=True)
              (out_proj): Linear(in_features=1024, out_features=1024, bias=True)
            )
            (self_attn_layer_norm): LayerNorm((1024,), eps=1e-05, elementwise_affine=True)
            (dropout_module): FairseqDropout()
            (activation_dropout_module): FairseqDropout()
            (fc1): Linear(in_features=1024, out_features=4096, bias=True)
            (fc2): Linear(in_features=4096, out_features=1024, bias=True)
            (final_layer_norm): LayerNorm((1024,), eps=1e-05, elementwise_affine=True)
          )
        )
      )
      (syntax_encoder): SyntaxEnhancedSyntaxGuidedTransformerEncoder(
        (dropout_module): FairseqDropout()
        (embed_tokens): Embedding(51, 1024, padding_idx=0)
        (layers): ModuleList(
          (0-2): 3 x GCNSyntaxGuidedTransformerEncoderLayer(
            (gcn_layer_norm): LayerNorm((1024,), eps=1e-05, elementwise_affine=True)
            (dropout_module): FairseqDropout()
            (activation_dropout_module): FairseqDropout()
            (W_out): Linear(in_features=2048, out_features=1024, bias=True)
            (W_in): Linear(in_features=2048, out_features=1024, bias=True)
            (fc): Linear(in_features=1024, out_features=1024, bias=True)
            (fc1): Linear(in_features=1024, out_features=4096, bias=True)
            (fc2): Linear(in_features=4096, out_features=1024, bias=True)
            (final_layer_norm): LayerNorm((1024,), eps=1e-05, elementwise_affine=True)
          )
        )
      )
    )
    (decoder): SyntaxEnhancedTransformerDecoder(
      (dropout_module): FairseqDropout()
      (embed_tokens): Embedding(21132, 1024, padding_idx=1)
      (embed_positions): LearnedPositionalEmbedding(514, 1024, padding_idx=1)
      (layernorm_embedding): LayerNorm((1024,), eps=1e-05, elementwise_affine=True)
      (layers): ModuleList(
        (0-11): 12 x TransformerDecoderLayer(
          (dropout_module): FairseqDropout()
          (self_attn): MultiheadAttention(
            (dropout_module): FairseqDropout()
            (k_proj): Linear(in_features=1024, out_features=1024, bias=True)
            (v_proj): Linear(in_features=1024, out_features=1024, bias=True)
            (q_proj): Linear(in_features=1024, out_features=1024, bias=True)
            (out_proj): Linear(in_features=1024, out_features=1024, bias=True)
          )
          (activation_dropout_module): FairseqDropout()
          (self_attn_layer_norm): LayerNorm((1024,), eps=1e-05, elementwise_affine=True)
          (encoder_attn): MultiheadAttention(
            (dropout_module): FairseqDropout()
            (k_proj): Linear(in_features=1024, out_features=1024, bias=True)
            (v_proj): Linear(in_features=1024, out_features=1024, bias=True)
            (q_proj): Linear(in_features=1024, out_features=1024, bias=True)
            (out_proj): Linear(in_features=1024, out_features=1024, bias=True)
          )
          (encoder_attn_layer_norm): LayerNorm((1024,), eps=1e-05, elementwise_affine=True)
          (fc1): Linear(in_features=1024, out_features=4096, bias=True)
          (fc2): Linear(in_features=4096, out_features=1024, bias=True)
          (final_layer_norm): LayerNorm((1024,), eps=1e-05, elementwise_affine=True)
        )
      )
      (output_projection): Linear(in_features=1024, out_features=21132, bias=False)
    )
    (classification_heads): ModuleDict()
  )
  (criterion): LabelSmoothedCrossEntropyCriterion()
)
Sun 06 Oct 2024 02:37:54 INFO start training...
Sun 06 Oct 2024 02:37:55 INFO | supervised_trainer |NOTE: overflow detected, setting loss scale to: 64.0
Sun 06 Oct 2024 02:37:56 INFO | supervised_trainer |NOTE: overflow detected, setting loss scale to: 32.0
Sun 06 Oct 2024 02:37:57 INFO | supervised_trainer |NOTE: overflow detected, setting loss scale to: 16.0
Sun 06 Oct 2024 02:37:57 INFO | supervised_trainer |NOTE: overflow detected, setting loss scale to: 8.0
Sun 06 Oct 2024 02:37:59 INFO | supervised_trainer |NOTE: overflow detected, setting loss scale to: 4.0
Sun 06 Oct 2024 02:38:07 INFO epoch [  1] train time 0h 0m 12s |  loss |[6075.791]
Sun 06 Oct 2024 02:38:12 INFO | supervised_trainer |NOTE: overflow detected, setting loss scale to: 2.0
Sun 06 Oct 2024 02:38:18 INFO epoch [  2] train time 0h 0m 11s |  loss |[5267.657]
Sun 06 Oct 2024 02:38:29 INFO epoch [  3] train time 0h 0m 11s |  loss |[4403.639]
Sun 06 Oct 2024 02:38:41 INFO epoch [  4] train time 0h 0m 11s |  loss |[2435.808]
Sun 06 Oct 2024 02:38:52 INFO epoch [  5] train time 0h 0m 11s |  loss |[1834.587]
Sun 06 Oct 2024 02:39:04 INFO epoch [  6] train time 0h 0m 11s |  loss |[1656.530]
Sun 06 Oct 2024 02:39:15 INFO epoch [  7] train time 0h 0m 11s |  loss |[1595.903]
Sun 06 Oct 2024 02:39:27 INFO epoch [  8] train time 0h 0m 11s |  loss |[1534.953]
Sun 06 Oct 2024 02:39:38 INFO epoch [  9] train time 0h 0m 11s |  loss |[1510.102]
Sun 06 Oct 2024 02:39:50 INFO epoch [ 10] train time 0h 0m 11s |  loss |[1491.187]
Sun 06 Oct 2024 02:41:05 INFO ---------- valid total [245] | valid precision [0.234] | valid recall [0.241] | valid f0.5 [0.210] | valid time 0h 1m 15s
Sun 06 Oct 2024 02:42:21 INFO ---------- test total [246] | test precision [0.266] | test recall [0.261] | test f0.5 [0.224] | test time 0h 1m 15s
Sun 06 Oct 2024 02:42:34 INFO epoch [ 11] train time 0h 0m 11s |  loss |[1483.503]
Sun 06 Oct 2024 02:42:45 INFO epoch [ 12] train time 0h 0m 11s |  loss |[1452.987]
Sun 06 Oct 2024 02:42:57 INFO epoch [ 13] train time 0h 0m 11s |  loss |[1446.912]
Sun 06 Oct 2024 02:43:08 INFO epoch [ 14] train time 0h 0m 11s |  loss |[1432.748]
Sun 06 Oct 2024 02:43:20 INFO epoch [ 15] train time 0h 0m 11s |  loss |[1426.071]
Sun 06 Oct 2024 02:43:31 INFO epoch [ 16] train time 0h 0m 11s |  loss |[1415.043]
Sun 06 Oct 2024 02:43:42 INFO epoch [ 17] train time 0h 0m 11s |  loss |[1409.333]
Sun 06 Oct 2024 02:43:54 INFO epoch [ 18] train time 0h 0m 11s |  loss |[1398.156]
Sun 06 Oct 2024 02:44:05 INFO epoch [ 19] train time 0h 0m 11s |  loss |[1393.825]
Sun 06 Oct 2024 02:44:17 INFO epoch [ 20] train time 0h 0m 11s |  loss |[1384.478]
Sun 06 Oct 2024 02:45:31 INFO ---------- valid total [245] | valid precision [0.256] | valid recall [0.266] | valid f0.5 [0.233] | valid time 0h 1m 14s
Sun 06 Oct 2024 02:46:46 INFO ---------- test total [246] | test precision [0.254] | test recall [0.264] | test f0.5 [0.225] | test time 0h 1m 14s
Sun 06 Oct 2024 02:46:59 INFO epoch [ 21] train time 0h 0m 11s |  loss |[1381.201]
Sun 06 Oct 2024 02:47:11 INFO epoch [ 22] train time 0h 0m 11s |  loss |[1376.227]
Sun 06 Oct 2024 02:47:22 INFO epoch [ 23] train time 0h 0m 11s |  loss |[1374.562]
Sun 06 Oct 2024 02:47:33 INFO epoch [ 24] train time 0h 0m 11s |  loss |[1371.092]
Sun 06 Oct 2024 02:47:45 INFO epoch [ 25] train time 0h 0m 11s |  loss |[1366.958]
Sun 06 Oct 2024 02:47:56 INFO epoch [ 26] train time 0h 0m 11s |  loss |[1365.483]
Sun 06 Oct 2024 02:48:08 INFO epoch [ 27] train time 0h 0m 11s |  loss |[1357.798]
Sun 06 Oct 2024 02:48:19 INFO epoch [ 28] train time 0h 0m 11s |  loss |[1353.667]
Sun 06 Oct 2024 02:48:31 INFO epoch [ 29] train time 0h 0m 11s |  loss |[1350.268]
Sun 06 Oct 2024 02:48:42 INFO epoch [ 30] train time 0h 0m 11s |  loss |[1347.072]
Sun 06 Oct 2024 02:49:57 INFO ---------- valid total [245] | valid precision [0.260] | valid recall [0.268] | valid f0.5 [0.237] | valid time 0h 1m 14s
Sun 06 Oct 2024 02:51:10 INFO ---------- test total [246] | test precision [0.270] | test recall [0.269] | test f0.5 [0.233] | test time 0h 1m 13s
Sun 06 Oct 2024 02:51:24 INFO epoch [ 31] train time 0h 0m 11s |  loss |[1346.172]
Sun 06 Oct 2024 02:51:35 INFO epoch [ 32] train time 0h 0m 11s |  loss |[1349.109]
Sun 06 Oct 2024 02:51:46 INFO epoch [ 33] train time 0h 0m 11s |  loss |[1343.749]
Sun 06 Oct 2024 02:51:58 INFO epoch [ 34] train time 0h 0m 11s |  loss |[1341.150]
Sun 06 Oct 2024 02:52:09 INFO epoch [ 35] train time 0h 0m 11s |  loss |[1334.781]
Sun 06 Oct 2024 02:52:21 INFO epoch [ 36] train time 0h 0m 11s |  loss |[1330.668]
Sun 06 Oct 2024 02:52:32 INFO epoch [ 37] train time 0h 0m 11s |  loss |[1331.699]
Sun 06 Oct 2024 02:52:44 INFO epoch [ 38] train time 0h 0m 11s |  loss |[1329.004]
Sun 06 Oct 2024 02:52:55 INFO epoch [ 39] train time 0h 0m 11s |  loss |[1327.642]
Sun 06 Oct 2024 02:53:07 INFO epoch [ 40] train time 0h 0m 11s |  loss |[1329.531]
Sun 06 Oct 2024 02:54:22 INFO ---------- valid total [245] | valid precision [0.271] | valid recall [0.279] | valid f0.5 [0.247] | valid time 0h 1m 14s
Sun 06 Oct 2024 02:55:35 INFO ---------- test total [246] | test precision [0.272] | test recall [0.265] | test f0.5 [0.230] | test time 0h 1m 13s
Sun 06 Oct 2024 02:55:49 INFO epoch [ 41] train time 0h 0m 11s |  loss |[1316.698]
Sun 06 Oct 2024 02:56:00 INFO epoch [ 42] train time 0h 0m 11s |  loss |[1325.498]
Sun 06 Oct 2024 02:56:12 INFO epoch [ 43] train time 0h 0m 11s |  loss |[1318.844]
Sun 06 Oct 2024 02:56:23 INFO epoch [ 44] train time 0h 0m 11s |  loss |[1319.629]
Sun 06 Oct 2024 02:56:35 INFO epoch [ 45] train time 0h 0m 11s |  loss |[1316.318]
Sun 06 Oct 2024 02:56:46 INFO epoch [ 46] train time 0h 0m 11s |  loss |[1316.462]
Sun 06 Oct 2024 02:56:58 INFO epoch [ 47] train time 0h 0m 11s |  loss |[1317.086]
Sun 06 Oct 2024 02:57:09 INFO epoch [ 48] train time 0h 0m 11s |  loss |[1321.246]
Sun 06 Oct 2024 02:57:21 INFO epoch [ 49] train time 0h 0m 11s |  loss |[1309.616]
Sun 06 Oct 2024 02:57:33 INFO epoch [ 50] train time 0h 0m 11s |  loss |[1308.816]
Sun 06 Oct 2024 02:58:47 INFO ---------- valid total [245] | valid precision [0.268] | valid recall [0.275] | valid f0.5 [0.246] | valid time 0h 1m 14s
Sun 06 Oct 2024 03:00:01 INFO ---------- test total [246] | test precision [0.271] | test recall [0.277] | test f0.5 [0.238] | test time 0h 1m 13s
Sun 06 Oct 2024 03:00:13 INFO epoch [ 51] train time 0h 0m 11s |  loss |[1308.436]
Sun 06 Oct 2024 03:00:24 INFO epoch [ 52] train time 0h 0m 11s |  loss |[1301.656]
Sun 06 Oct 2024 03:00:36 INFO epoch [ 53] train time 0h 0m 11s |  loss |[1305.693]
Sun 06 Oct 2024 03:00:47 INFO epoch [ 54] train time 0h 0m 11s |  loss |[1306.029]
Sun 06 Oct 2024 03:00:59 INFO epoch [ 55] train time 0h 0m 11s |  loss |[1304.668]
Sun 06 Oct 2024 03:01:10 INFO epoch [ 56] train time 0h 0m 11s |  loss |[1300.777]
Sun 06 Oct 2024 03:01:22 INFO epoch [ 57] train time 0h 0m 11s |  loss |[1295.030]
Sun 06 Oct 2024 03:01:34 INFO epoch [ 58] train time 0h 0m 11s |  loss |[1297.269]
Sun 06 Oct 2024 03:01:45 INFO epoch [ 59] train time 0h 0m 11s |  loss |[1302.178]
Sun 06 Oct 2024 03:01:57 INFO epoch [ 60] train time 0h 0m 11s |  loss |[1296.970]
Sun 06 Oct 2024 03:03:11 INFO ---------- valid total [245] | valid precision [0.270] | valid recall [0.287] | valid f0.5 [0.248] | valid time 0h 1m 14s
Sun 06 Oct 2024 03:04:25 INFO ---------- test total [246] | test precision [0.273] | test recall [0.271] | test f0.5 [0.235] | test time 0h 1m 13s
Sun 06 Oct 2024 03:04:39 INFO epoch [ 61] train time 0h 0m 11s |  loss |[1298.361]
Sun 06 Oct 2024 03:04:50 INFO epoch [ 62] train time 0h 0m 11s |  loss |[1293.644]
Sun 06 Oct 2024 03:05:02 INFO epoch [ 63] train time 0h 0m 11s |  loss |[1293.669]
Sun 06 Oct 2024 03:05:13 INFO epoch [ 64] train time 0h 0m 11s |  loss |[1290.934]
Sun 06 Oct 2024 03:05:25 INFO epoch [ 65] train time 0h 0m 11s |  loss |[1293.315]
Sun 06 Oct 2024 03:05:36 INFO epoch [ 66] train time 0h 0m 11s |  loss |[1289.219]
Sun 06 Oct 2024 03:05:48 INFO epoch [ 67] train time 0h 0m 11s |  loss |[1286.893]
Sun 06 Oct 2024 03:05:59 INFO epoch [ 68] train time 0h 0m 11s |  loss |[1286.042]
Sun 06 Oct 2024 03:06:11 INFO epoch [ 69] train time 0h 0m 11s |  loss |[1288.281]
Sun 06 Oct 2024 03:06:22 INFO epoch [ 70] train time 0h 0m 11s |  loss |[1284.381]
Sun 06 Oct 2024 03:07:37 INFO ---------- valid total [245] | valid precision [0.269] | valid recall [0.271] | valid f0.5 [0.242] | valid time 0h 1m 14s
Sun 06 Oct 2024 03:08:51 INFO ---------- test total [246] | test precision [0.284] | test recall [0.276] | test f0.5 [0.242] | test time 0h 1m 14s
Sun 06 Oct 2024 03:09:02 INFO epoch [ 71] train time 0h 0m 11s |  loss |[1283.220]
Sun 06 Oct 2024 03:09:14 INFO epoch [ 72] train time 0h 0m 11s |  loss |[1282.155]
Sun 06 Oct 2024 03:09:25 INFO epoch [ 73] train time 0h 0m 11s |  loss |[1280.566]
Sun 06 Oct 2024 03:09:37 INFO epoch [ 74] train time 0h 0m 11s |  loss |[1284.335]
Sun 06 Oct 2024 03:09:48 INFO epoch [ 75] train time 0h 0m 11s |  loss |[1279.910]
Sun 06 Oct 2024 03:10:00 INFO epoch [ 76] train time 0h 0m 11s |  loss |[1280.705]
Sun 06 Oct 2024 03:10:12 INFO epoch [ 77] train time 0h 0m 11s |  loss |[1274.021]
Sun 06 Oct 2024 03:10:23 INFO epoch [ 78] train time 0h 0m 11s |  loss |[1276.161]
Sun 06 Oct 2024 03:10:35 INFO epoch [ 79] train time 0h 0m 11s |  loss |[1277.009]
Sun 06 Oct 2024 03:10:46 INFO epoch [ 80] train time 0h 0m 11s |  loss |[1276.210]
Sun 06 Oct 2024 03:12:01 INFO ---------- valid total [245] | valid precision [0.274] | valid recall [0.275] | valid f0.5 [0.247] | valid time 0h 1m 14s
Sun 06 Oct 2024 03:13:15 INFO ---------- test total [246] | test precision [0.277] | test recall [0.266] | test f0.5 [0.238] | test time 0h 1m 13s
Sun 06 Oct 2024 03:13:26 INFO epoch [ 81] train time 0h 0m 11s |  loss |[1273.509]
Sun 06 Oct 2024 03:13:38 INFO epoch [ 82] train time 0h 0m 11s |  loss |[1275.675]
Sun 06 Oct 2024 03:13:49 INFO epoch [ 83] train time 0h 0m 11s |  loss |[1270.111]
Sun 06 Oct 2024 03:14:01 INFO epoch [ 84] train time 0h 0m 11s |  loss |[1273.857]
Sun 06 Oct 2024 03:14:12 INFO epoch [ 85] train time 0h 0m 11s |  loss |[1274.172]
Sun 06 Oct 2024 03:14:24 INFO epoch [ 86] train time 0h 0m 11s |  loss |[1271.623]
Sun 06 Oct 2024 03:14:35 INFO epoch [ 87] train time 0h 0m 11s |  loss |[1265.761]
Sun 06 Oct 2024 03:14:47 INFO epoch [ 88] train time 0h 0m 11s |  loss |[1271.074]
Sun 06 Oct 2024 03:14:59 INFO epoch [ 89] train time 0h 0m 11s |  loss |[1269.008]
Sun 06 Oct 2024 03:15:10 INFO epoch [ 90] train time 0h 0m 11s |  loss |[1268.935]
Sun 06 Oct 2024 03:16:24 INFO ---------- valid total [245] | valid precision [0.266] | valid recall [0.264] | valid f0.5 [0.239] | valid time 0h 1m 14s
Sun 06 Oct 2024 03:17:38 INFO ---------- test total [246] | test precision [0.281] | test recall [0.282] | test f0.5 [0.247] | test time 0h 1m 13s
Sun 06 Oct 2024 03:17:50 INFO epoch [ 91] train time 0h 0m 11s |  loss |[1271.096]
Sun 06 Oct 2024 03:18:01 INFO epoch [ 92] train time 0h 0m 11s |  loss |[1270.162]
Sun 06 Oct 2024 03:18:13 INFO epoch [ 93] train time 0h 0m 11s |  loss |[1264.027]
Sun 06 Oct 2024 03:18:24 INFO epoch [ 94] train time 0h 0m 11s |  loss |[1263.403]
Sun 06 Oct 2024 03:18:36 INFO epoch [ 95] train time 0h 0m 11s |  loss |[1262.204]
Sun 06 Oct 2024 03:18:47 INFO epoch [ 96] train time 0h 0m 11s |  loss |[1262.928]
Sun 06 Oct 2024 03:18:59 INFO epoch [ 97] train time 0h 0m 11s |  loss |[1266.594]
Sun 06 Oct 2024 03:19:11 INFO epoch [ 98] train time 0h 0m 11s |  loss |[1261.209]
Sun 06 Oct 2024 03:19:22 INFO | supervised_trainer |NOTE: overflow detected, setting loss scale to: 1.0
Sun 06 Oct 2024 03:19:22 INFO epoch [ 99] train time 0h 0m 11s |  loss |[1263.415]
Sun 06 Oct 2024 03:19:34 INFO epoch [100] train time 0h 0m 11s |  loss |[1267.503]
Sun 06 Oct 2024 03:20:48 INFO ---------- valid total [245] | valid precision [0.274] | valid recall [0.272] | valid f0.5 [0.246] | valid time 0h 1m 14s
Sun 06 Oct 2024 03:22:02 INFO ---------- test total [246] | test precision [0.294] | test recall [0.286] | test f0.5 [0.255] | test time 0h 1m 13s
Sun 06 Oct 2024 03:22:13 INFO epoch [101] train time 0h 0m 11s |  loss |[1261.268]
Sun 06 Oct 2024 03:22:25 INFO epoch [102] train time 0h 0m 11s |  loss |[1261.232]
Sun 06 Oct 2024 03:22:36 INFO epoch [103] train time 0h 0m 11s |  loss |[1258.434]
Sun 06 Oct 2024 03:22:48 INFO epoch [104] train time 0h 0m 11s |  loss |[1257.255]
Sun 06 Oct 2024 03:23:00 INFO epoch [105] train time 0h 0m 11s |  loss |[1255.808]
Sun 06 Oct 2024 03:23:11 INFO epoch [106] train time 0h 0m 11s |  loss |[1258.337]
Sun 06 Oct 2024 03:23:23 INFO epoch [107] train time 0h 0m 11s |  loss |[1253.230]
Sun 06 Oct 2024 03:23:34 INFO epoch [108] train time 0h 0m 11s |  loss |[1256.270]
Sun 06 Oct 2024 03:23:46 INFO epoch [109] train time 0h 0m 11s |  loss |[1256.030]
Sun 06 Oct 2024 03:23:58 INFO epoch [110] train time 0h 0m 11s |  loss |[1252.201]
Sun 06 Oct 2024 03:25:12 INFO ---------- valid total [245] | valid precision [0.272] | valid recall [0.270] | valid f0.5 [0.244] | valid time 0h 1m 14s
Sun 06 Oct 2024 03:26:26 INFO ---------- test total [246] | test precision [0.281] | test recall [0.268] | test f0.5 [0.241] | test time 0h 1m 13s
Sun 06 Oct 2024 03:26:37 INFO epoch [111] train time 0h 0m 11s |  loss |[1250.737]
Sun 06 Oct 2024 03:26:49 INFO epoch [112] train time 0h 0m 11s |  loss |[1259.251]
Sun 06 Oct 2024 03:27:01 INFO epoch [113] train time 0h 0m 11s |  loss |[1253.709]
Sun 06 Oct 2024 03:27:12 INFO epoch [114] train time 0h 0m 11s |  loss |[1255.998]
Sun 06 Oct 2024 03:27:24 INFO epoch [115] train time 0h 0m 11s |  loss |[1254.960]
Sun 06 Oct 2024 03:27:35 INFO epoch [116] train time 0h 0m 11s |  loss |[1248.535]
Sun 06 Oct 2024 03:27:47 INFO epoch [117] train time 0h 0m 11s |  loss |[1252.464]
Sun 06 Oct 2024 03:27:59 INFO epoch [118] train time 0h 0m 11s |  loss |[1252.979]
Sun 06 Oct 2024 03:28:10 INFO epoch [119] train time 0h 0m 11s |  loss |[1250.262]
Sun 06 Oct 2024 03:28:22 INFO epoch [120] train time 0h 0m 11s |  loss |[1251.144]
Sun 06 Oct 2024 03:29:36 INFO ---------- valid total [245] | valid precision [0.281] | valid recall [0.279] | valid f0.5 [0.254] | valid time 0h 1m 14s
Sun 06 Oct 2024 03:30:50 INFO ---------- test total [246] | test precision [0.282] | test recall [0.278] | test f0.5 [0.247] | test time 0h 1m 13s
Sun 06 Oct 2024 03:31:03 INFO epoch [121] train time 0h 0m 11s |  loss |[1249.668]
Sun 06 Oct 2024 03:31:14 INFO epoch [122] train time 0h 0m 11s |  loss |[1252.943]
Sun 06 Oct 2024 03:31:26 INFO epoch [123] train time 0h 0m 11s |  loss |[1248.142]
Sun 06 Oct 2024 03:31:37 INFO epoch [124] train time 0h 0m 11s |  loss |[1245.032]
Sun 06 Oct 2024 03:31:49 INFO epoch [125] train time 0h 0m 11s |  loss |[1253.291]
Sun 06 Oct 2024 03:32:01 INFO epoch [126] train time 0h 0m 11s |  loss |[1248.851]
Sun 06 Oct 2024 03:32:12 INFO epoch [127] train time 0h 0m 11s |  loss |[1244.636]
Sun 06 Oct 2024 03:32:24 INFO epoch [128] train time 0h 0m 11s |  loss |[1246.754]
Sun 06 Oct 2024 03:32:36 INFO epoch [129] train time 0h 0m 11s |  loss |[1243.697]
Sun 06 Oct 2024 03:32:47 INFO epoch [130] train time 0h 0m 11s |  loss |[1247.158]
Sun 06 Oct 2024 03:34:01 INFO ---------- valid total [245] | valid precision [0.277] | valid recall [0.274] | valid f0.5 [0.250] | valid time 0h 1m 14s
Sun 06 Oct 2024 03:35:15 INFO ---------- test total [246] | test precision [0.275] | test recall [0.268] | test f0.5 [0.240] | test time 0h 1m 13s
Sun 06 Oct 2024 03:35:27 INFO epoch [131] train time 0h 0m 11s |  loss |[1242.601]
Sun 06 Oct 2024 03:35:38 INFO epoch [132] train time 0h 0m 11s |  loss |[1242.973]
Sun 06 Oct 2024 03:35:50 INFO epoch [133] train time 0h 0m 11s |  loss |[1240.962]
Sun 06 Oct 2024 03:36:01 INFO epoch [134] train time 0h 0m 11s |  loss |[1242.868]
Sun 06 Oct 2024 03:36:13 INFO epoch [135] train time 0h 0m 11s |  loss |[1243.116]
Sun 06 Oct 2024 03:36:24 INFO epoch [136] train time 0h 0m 11s |  loss |[1245.498]
Sun 06 Oct 2024 03:36:36 INFO epoch [137] train time 0h 0m 11s |  loss |[1240.271]
Sun 06 Oct 2024 03:36:48 INFO epoch [138] train time 0h 0m 11s |  loss |[1242.708]
Sun 06 Oct 2024 03:36:59 INFO epoch [139] train time 0h 0m 11s |  loss |[1242.410]
Sun 06 Oct 2024 03:37:11 INFO epoch [140] train time 0h 0m 11s |  loss |[1245.054]
Sun 06 Oct 2024 03:38:25 INFO ---------- valid total [245] | valid precision [0.277] | valid recall [0.270] | valid f0.5 [0.249] | valid time 0h 1m 14s
Sun 06 Oct 2024 03:39:39 INFO ---------- test total [246] | test precision [0.273] | test recall [0.258] | test f0.5 [0.230] | test time 0h 1m 13s
Sun 06 Oct 2024 03:39:50 INFO epoch [141] train time 0h 0m 11s |  loss |[1239.376]
Sun 06 Oct 2024 03:40:02 INFO epoch [142] train time 0h 0m 11s |  loss |[1236.740]
Sun 06 Oct 2024 03:40:13 INFO epoch [143] train time 0h 0m 11s |  loss |[1239.227]
Sun 06 Oct 2024 03:40:25 INFO epoch [144] train time 0h 0m 11s |  loss |[1237.824]
Sun 06 Oct 2024 03:40:37 INFO epoch [145] train time 0h 0m 11s |  loss |[1238.391]
Sun 06 Oct 2024 03:40:48 INFO epoch [146] train time 0h 0m 11s |  loss |[1239.216]
Sun 06 Oct 2024 03:41:00 INFO epoch [147] train time 0h 0m 11s |  loss |[1242.275]
Sun 06 Oct 2024 03:41:11 INFO epoch [148] train time 0h 0m 11s |  loss |[1236.324]
Sun 06 Oct 2024 03:41:23 INFO epoch [149] train time 0h 0m 11s |  loss |[1236.846]
Sun 06 Oct 2024 03:41:35 INFO epoch [150] train time 0h 0m 11s |  loss |[1237.469]
Sun 06 Oct 2024 03:42:49 INFO ---------- valid total [245] | valid precision [0.285] | valid recall [0.292] | valid f0.5 [0.259] | valid time 0h 1m 14s
Sun 06 Oct 2024 03:44:03 INFO ---------- test total [246] | test precision [0.280] | test recall [0.279] | test f0.5 [0.249] | test time 0h 1m 13s
Sun 06 Oct 2024 03:44:16 INFO epoch [151] train time 0h 0m 11s |  loss |[1237.588]
Sun 06 Oct 2024 03:44:28 INFO epoch [152] train time 0h 0m 11s |  loss |[1235.941]
Sun 06 Oct 2024 03:44:39 INFO epoch [153] train time 0h 0m 11s |  loss |[1232.566]
Sun 06 Oct 2024 03:44:51 INFO epoch [154] train time 0h 0m 11s |  loss |[1237.541]
Sun 06 Oct 2024 03:45:03 INFO epoch [155] train time 0h 0m 11s |  loss |[1235.568]
Sun 06 Oct 2024 03:45:14 INFO epoch [156] train time 0h 0m 11s |  loss |[1231.930]
Sun 06 Oct 2024 03:45:26 INFO epoch [157] train time 0h 0m 11s |  loss |[1235.534]
Sun 06 Oct 2024 03:45:37 INFO epoch [158] train time 0h 0m 11s |  loss |[1232.289]
Sun 06 Oct 2024 03:45:49 INFO epoch [159] train time 0h 0m 11s |  loss |[1231.928]
Sun 06 Oct 2024 03:46:01 INFO epoch [160] train time 0h 0m 11s |  loss |[1228.651]
Sun 06 Oct 2024 03:47:15 INFO ---------- valid total [245] | valid precision [0.279] | valid recall [0.276] | valid f0.5 [0.252] | valid time 0h 1m 14s
Sun 06 Oct 2024 03:48:28 INFO ---------- test total [246] | test precision [0.283] | test recall [0.270] | test f0.5 [0.243] | test time 0h 1m 13s
Sun 06 Oct 2024 03:48:40 INFO epoch [161] train time 0h 0m 11s |  loss |[1232.535]
Sun 06 Oct 2024 03:48:52 INFO epoch [162] train time 0h 0m 11s |  loss |[1230.254]
Sun 06 Oct 2024 03:49:03 INFO epoch [163] train time 0h 0m 11s |  loss |[1233.298]
Sun 06 Oct 2024 03:49:15 INFO epoch [164] train time 0h 0m 11s |  loss |[1228.418]
Sun 06 Oct 2024 03:49:26 INFO epoch [165] train time 0h 0m 11s |  loss |[1239.036]
Sun 06 Oct 2024 03:49:38 INFO epoch [166] train time 0h 0m 11s |  loss |[1229.480]
Sun 06 Oct 2024 03:49:50 INFO epoch [167] train time 0h 0m 11s |  loss |[1229.422]
Sun 06 Oct 2024 03:50:01 INFO epoch [168] train time 0h 0m 11s |  loss |[1229.823]
Sun 06 Oct 2024 03:50:13 INFO epoch [169] train time 0h 0m 11s |  loss |[1225.682]
Sun 06 Oct 2024 03:50:25 INFO epoch [170] train time 0h 0m 11s |  loss |[1231.419]
Sun 06 Oct 2024 03:51:39 INFO ---------- valid total [245] | valid precision [0.285] | valid recall [0.274] | valid f0.5 [0.253] | valid time 0h 1m 14s
Sun 06 Oct 2024 03:52:53 INFO ---------- test total [246] | test precision [0.278] | test recall [0.266] | test f0.5 [0.235] | test time 0h 1m 13s
Sun 06 Oct 2024 03:53:05 INFO epoch [171] train time 0h 0m 11s |  loss |[1227.047]
Sun 06 Oct 2024 03:53:16 INFO epoch [172] train time 0h 0m 11s |  loss |[1231.039]
Sun 06 Oct 2024 03:53:28 INFO epoch [173] train time 0h 0m 11s |  loss |[1230.365]
Sun 06 Oct 2024 03:53:39 INFO epoch [174] train time 0h 0m 11s |  loss |[1227.606]
Sun 06 Oct 2024 03:53:51 INFO epoch [175] train time 0h 0m 11s |  loss |[1228.389]
Sun 06 Oct 2024 03:54:02 INFO epoch [176] train time 0h 0m 11s |  loss |[1227.819]
Sun 06 Oct 2024 03:54:14 INFO epoch [177] train time 0h 0m 11s |  loss |[1224.212]
Sun 06 Oct 2024 03:54:26 INFO epoch [178] train time 0h 0m 11s |  loss |[1225.816]
Sun 06 Oct 2024 03:54:37 INFO epoch [179] train time 0h 0m 11s |  loss |[1228.200]
Sun 06 Oct 2024 03:54:49 INFO epoch [180] train time 0h 0m 11s |  loss |[1227.319]
Sun 06 Oct 2024 03:56:03 INFO ---------- valid total [245] | valid precision [0.281] | valid recall [0.283] | valid f0.5 [0.254] | valid time 0h 1m 14s
Sun 06 Oct 2024 03:57:17 INFO ---------- test total [246] | test precision [0.291] | test recall [0.275] | test f0.5 [0.247] | test time 0h 1m 13s
Sun 06 Oct 2024 03:57:29 INFO epoch [181] train time 0h 0m 11s |  loss |[1223.739]
Sun 06 Oct 2024 03:57:40 INFO epoch [182] train time 0h 0m 11s |  loss |[1225.992]
Sun 06 Oct 2024 03:57:52 INFO epoch [183] train time 0h 0m 11s |  loss |[1226.537]
Sun 06 Oct 2024 03:58:04 INFO epoch [184] train time 0h 0m 11s |  loss |[1221.277]
Sun 06 Oct 2024 03:58:15 INFO epoch [185] train time 0h 0m 11s |  loss |[1222.332]
Sun 06 Oct 2024 03:58:27 INFO epoch [186] train time 0h 0m 11s |  loss |[1227.304]
Sun 06 Oct 2024 03:58:38 INFO epoch [187] train time 0h 0m 11s |  loss |[1222.340]
Sun 06 Oct 2024 03:58:50 INFO epoch [188] train time 0h 0m 11s |  loss |[1225.408]
Sun 06 Oct 2024 03:59:02 INFO epoch [189] train time 0h 0m 11s |  loss |[1223.198]
Sun 06 Oct 2024 03:59:13 INFO epoch [190] train time 0h 0m 11s |  loss |[1226.025]
Sun 06 Oct 2024 04:00:27 INFO ---------- valid total [245] | valid precision [0.268] | valid recall [0.265] | valid f0.5 [0.241] | valid time 0h 1m 14s
Sun 06 Oct 2024 04:01:41 INFO ---------- test total [246] | test precision [0.284] | test recall [0.274] | test f0.5 [0.242] | test time 0h 1m 13s
Sun 06 Oct 2024 04:01:53 INFO epoch [191] train time 0h 0m 11s |  loss |[1220.568]
Sun 06 Oct 2024 04:02:05 INFO epoch [192] train time 0h 0m 11s |  loss |[1221.994]
Sun 06 Oct 2024 04:02:16 INFO epoch [193] train time 0h 0m 11s |  loss |[1223.592]
Sun 06 Oct 2024 04:02:28 INFO epoch [194] train time 0h 0m 11s |  loss |[1222.107]
Sun 06 Oct 2024 04:02:39 INFO epoch [195] train time 0h 0m 11s |  loss |[1220.177]
Sun 06 Oct 2024 04:02:51 INFO epoch [196] train time 0h 0m 11s |  loss |[1219.466]
Sun 06 Oct 2024 04:04:05 INFO ---------- valid total [245] | valid precision [0.287] | valid recall [0.280] | valid f0.5 [0.255] | valid time 0h 1m 14s
Sun 06 Oct 2024 04:05:19 INFO ---------- test total [246] | test precision [0.288] | test recall [0.280] | test f0.5 [0.250] | test time 0h 1m 13s
Sun 06 Oct 2024 04:05:30 INFO epoch [197] train time 0h 0m 11s |  loss |[1221.196]
Sun 06 Oct 2024 04:06:45 INFO ---------- valid total [245] | valid precision [0.268] | valid recall [0.263] | valid f0.5 [0.240] | valid time 0h 1m 14s
Sun 06 Oct 2024 04:07:59 INFO ---------- test total [246] | test precision [0.270] | test recall [0.263] | test f0.5 [0.235] | test time 0h 1m 14s
Sun 06 Oct 2024 04:08:10 INFO epoch [198] train time 0h 0m 11s |  loss |[1216.567]
Sun 06 Oct 2024 04:09:25 INFO ---------- valid total [245] | valid precision [0.286] | valid recall [0.286] | valid f0.5 [0.259] | valid time 0h 1m 14s
Sun 06 Oct 2024 04:10:39 INFO ---------- test total [246] | test precision [0.276] | test recall [0.268] | test f0.5 [0.234] | test time 0h 1m 13s
Sun 06 Oct 2024 04:10:52 INFO epoch [199] train time 0h 0m 11s |  loss |[1222.236]
Sun 06 Oct 2024 04:12:06 INFO ---------- valid total [245] | valid precision [0.274] | valid recall [0.269] | valid f0.5 [0.246] | valid time 0h 1m 14s
Sun 06 Oct 2024 04:13:20 INFO ---------- test total [246] | test precision [0.280] | test recall [0.272] | test f0.5 [0.245] | test time 0h 1m 13s
Sun 06 Oct 2024 04:13:32 INFO epoch [200] train time 0h 0m 11s |  loss |[1215.671]
Sun 06 Oct 2024 04:14:46 INFO ---------- valid total [245] | valid precision [0.269] | valid recall [0.269] | valid f0.5 [0.241] | valid time 0h 1m 14s
Sun 06 Oct 2024 04:15:59 INFO ---------- test total [246] | test precision [0.277] | test recall [0.267] | test f0.5 [0.234] | test time 0h 1m 13s
Sun 06 Oct 2024 04:15:59 INFO training finished.
                            best valid result: precision [0.286] | recall [0.286] | F0.5 [0.259]
                            best test result : precision [0.276] | recall [0.268] | F0.5 [0.234]
Wed 09 Oct 2024 01:31:00 INFO random_seed=2024
use_gpu=True
learning_rate=6e-06
train_batch_size=32
test_batch_size=1
epoch_nums=200
test_step=10
display_train_step=1
gpu_id=5
training_resume=False
load_best_config=False
supervising_mode=fully_supervised
validset_divide=True
test_only=False
shuffle=True
model_config_file=gectoolkit/properties/model/SynGEC.json
best_config_file=gectoolkit/properties/best_config/SynGEC_Visual_text.json
dataset_config_file=gectoolkit/properties/dataset/Visual_text.json
dataset_dir=dataset/Visual_text
checkpoint_file=checkpoint/SynGEC-Visual_text.pth
log_file=log/SynGEC-Visual_text.log
output_dir=result/SynGEC-Visual_text
checkpoint_dir=checkpoint/SynGEC-Visual_text
min_word_keep=5
min_generate_keep=5
language=zh
fp16_init_scale=128
distributed_port=-1
decoder_embed_path=None
quant_noise_pq_block_size=8
best_checkpoint_metric=loss
cross_self_attention=False
validate_interval=1
tie_adaptive_weights=False
bpe=None
decoder_normalize_before=False
cpu=False
optimizer_overrides={}
quant_noise_pq=0
lr_scheduler=polynomial_decay
no_save_optimizer_state=False
train_subset=train
no_cross_attention=False
distributed_world_size=1
decoder_layerdrop=0
skip_invalid_size_inputs_valid_test=True
lr=[0.0005]
slowmo_momentum=None
log_interval=100
user_dir=./gectoolkit/model/SynGEC/src/src_syngec/syngec_model
min_loss_scale=0.0001
dual_aggregation_freeze=True
decoder_output_dim=1024
curriculum=0
scoring=bleu
optimizer=adam
adam_betas=(0.9,0.999)
share_decoder_input_output_embed=True
fp16_no_flatten_grads=False
distributed_backend=nccl
adaptive_input=False
dpd_suffix=['dpd']
attention_dropout=0.0
fp16=True
pipeline_checkpoint=never
fix_batches_to_gpus=False
fp16_scale_tolerance=0.0
valid_subset=valid
gen_subset=test
no_last_checkpoints=False
decoder_attention_heads=16
distributed_wrapper=DDP
activation_dropout=0.0
log_format=tqdm
decoder_embed_dim=1024
dual_aggregation_beta=0.5
disable_validation=False
quant_noise_scalar=0
use_bmuf=False
gat_encoder_layers=3
arch=syntax_enhanced_bart_large
eval_bleu_print_samples=False
no_scale_embedding=True
zero_sharding=none
pipeline_decoder_devices=None
save_interval_updates=0
localsgd_frequency=3
ignore_prefix_size=0
eval_bleu_args=None
encoder_layerdrop=0
syntax_type=['dep']
distributed_no_spawn=False
left_pad_source=True
decoder_layers=12
adaptive_softmax_cutoff=None
upsample_primary=1
ddp_backend=c10d
validate_after_updates=0
power=1.0
data_buffer_size=10
memory_efficient_bf16=False
num_batch_buckets=0
share_all_embeddings=True
alpha=1.0
gated_sum=False
distributed_init_method=None
report_accuracy=False
end_learning_rate=0.0
batch_size_valid=None
pipeline_devices=None
left_pad_target=False
source_word_dropout_probs=False
bf16=False
swm_suffix=swm
encoder_embed_dim=1024
force_anneal=None
no_epoch_checkpoints=False
syntax_encoder=GCN
encoder_ffn_embed_dim=4096
label_smoothing=0.1
num_shards=1
find_unused_parameters=True
no_progress_bar=False
load_alignments=False
use_old_adam=False
eval_bleu_detok_args=None
tensorboard_logdir=None
slowmo_algorithm=LocalSGD
fast_stat_sync=False
layernorm_embedding=True
encoder_layers_to_keep=None
eval_bleu_remove_bpe=None
scale_syntax_encoder_lr=None
eval_bleu=False
fp16_scale_window=None
pipeline_encoder_balance=None
pipeline_encoder_devices=None
relu_dropout=0.0
threshold_loss_scale=None
activation_fn=gelu
task=syntax-enhanced-translation
target_lang=tgt
bart_model_file_from_transformers=None
all_gather_list_size=16384
stop_time_hours=0
validate_interval_updates=0
save_interval=1
conll_suffix=['conll']
empty_cache_freq=0
encoder_learned_pos=True
tpu=False
nprocs_per_node=1
keep_last_epochs=10
device_id=0
source_lang_with_nt=src_nt
use_dpd=False
pipeline_chunks=0
cross_syntax_fuse=False
keep_interval_updates=-1
encoder_embed_path=None
adam_eps=1e-08
model_parallel_size=1
sentence_avg=False
encoder_layers=12
decoder_ffn_embed_dim=4096
dataset_impl=None
criterion=label_smoothed_cross_entropy
fixed_validation_seed=None
profile=False
distributed_rank=0
source_lang=src
eval_tokenized_bleu=False
source_word_dropout=0.2
adaptive_softmax_dropout=0
syntax_model_file=None
checkpoint_suffix=
required_seq_len_multiple=1
no_save=False
use_syntax=True
probs_suffix=['probs']
decoder_learned_pos=True
decoder_input_dim=1024
memory_efficient_fp16=False
decoder_layers_to_keep=None
gat_attention_heads=4
bucket_cap_mb=25
checkpoint_shard_count=1
pipeline_model_parallel=False
encoder_normalize_before=False
keep_best_checkpoints=-1
no_token_positional_embeddings=False
pooler_activation_fn=tanh
shard_id=0
only_dsa=False
max_update=0
encoder_attention_heads=16
freeze_bart_parameters=True
tokenizer=None
total_num_update=1000000
pipeline_decoder_balance=None
quantization_config_path=None
broadcast_buffers=False
batch_size=None
maximize_best_checkpoint_metric=False
pooler_dropout=0.0
warmup_updates=2000
min_lr=-1.0
only_gnn=True
eval_bleu_detok=space
no_seed_provided=False
truncate_source=False
pipeline_balance=None
model=SynGEC
dataset=Visual_text
augment=none
method=text
correctionmodel=SynGEC
device=cuda
map_location=cuda
gpu_nums=1


Wed 09 Oct 2024 01:31:00 INFO [src] dictionary: 21132 types
Wed 09 Oct 2024 01:31:00 INFO [tgt] dictionary: 21132 types
Wed 09 Oct 2024 01:31:00 INFO [syntax label0] dictionary: 51 types
Wed 09 Oct 2024 01:31:00 INFO [src] dictionary: 21132 types
Wed 09 Oct 2024 01:31:00 INFO [tgt] dictionary: 21132 types
Wed 09 Oct 2024 01:31:00 INFO [syntax label0] dictionary: 51 types
Wed 09 Oct 2024 01:31:00 INFO loaded 245 examples from: ./gectoolkit/properties/model/SynGEC/preprocess/preprocess_data/chinese_Visual_text_with_syntax_bart/bin/valid.src-tgt.src
Wed 09 Oct 2024 01:31:00 INFO loaded 245 examples from: ./gectoolkit/properties/model/SynGEC/preprocess/preprocess_data/chinese_Visual_text_with_syntax_bart/bin/valid.src-tgt.tgt
Wed 09 Oct 2024 01:31:00 INFO ./gectoolkit/properties/model/SynGEC/preprocess/preprocess_data/chinese_Visual_text_with_syntax_bart/bin valid src-tgt 245 examples
Wed 09 Oct 2024 01:31:00 INFO loaded 245 examples from: ./gectoolkit/properties/model/SynGEC/preprocess/preprocess_data/chinese_Visual_text_with_syntax_bart/bin/valid.conll.src-tgt.src
Wed 09 Oct 2024 01:31:00 INFO loaded 245 examples from: ./gectoolkit/properties/model/SynGEC/preprocess/preprocess_data/chinese_Visual_text_with_syntax_bart/bin/valid.dpd.src-tgt.src
Wed 09 Oct 2024 01:31:00 INFO loaded 245 examples from: ./gectoolkit/properties/model/SynGEC/preprocess/preprocess_data/chinese_Visual_text_with_syntax_bart/bin/valid.probs.src-tgt.src
Wed 09 Oct 2024 01:31:00 INFO success! syntax types: 1, source conll lines: 245
Wed 09 Oct 2024 01:31:00 INFO loaded 1960 examples from: ./gectoolkit/properties/model/SynGEC/preprocess/preprocess_data/chinese_Visual_text_with_syntax_bart/bin/train.src-tgt.src
Wed 09 Oct 2024 01:31:00 INFO loaded 1960 examples from: ./gectoolkit/properties/model/SynGEC/preprocess/preprocess_data/chinese_Visual_text_with_syntax_bart/bin/train.src-tgt.tgt
Wed 09 Oct 2024 01:31:00 INFO ./gectoolkit/properties/model/SynGEC/preprocess/preprocess_data/chinese_Visual_text_with_syntax_bart/bin train src-tgt 1960 examples
Wed 09 Oct 2024 01:31:00 INFO loaded 1960 examples from: ./gectoolkit/properties/model/SynGEC/preprocess/preprocess_data/chinese_Visual_text_with_syntax_bart/bin/train.conll.src-tgt.src
Wed 09 Oct 2024 01:31:00 INFO loaded 1960 examples from: ./gectoolkit/properties/model/SynGEC/preprocess/preprocess_data/chinese_Visual_text_with_syntax_bart/bin/train.dpd.src-tgt.src
Wed 09 Oct 2024 01:31:00 INFO loaded 1960 examples from: ./gectoolkit/properties/model/SynGEC/preprocess/preprocess_data/chinese_Visual_text_with_syntax_bart/bin/train.probs.src-tgt.src
Wed 09 Oct 2024 01:31:00 INFO success! syntax types: 1, source conll lines: 1960
Wed 09 Oct 2024 01:31:00 INFO loaded 246 examples from: ./gectoolkit/properties/model/SynGEC/preprocess/preprocess_data/chinese_Visual_text_test_with_syntax_bart/bin/test.conll.src-tgt.src
Wed 09 Oct 2024 01:31:00 INFO loaded 246 examples from: ./gectoolkit/properties/model/SynGEC/preprocess/preprocess_data/chinese_Visual_text_test_with_syntax_bart/bin/test.dpd.src-tgt.src
Wed 09 Oct 2024 01:31:00 INFO loaded 246 examples from: ./gectoolkit/properties/model/SynGEC/preprocess/preprocess_data/chinese_Visual_text_test_with_syntax_bart/bin/test.probs.src-tgt.src
Wed 09 Oct 2024 01:31:00 INFO success! syntax types: 1, source conll lines: 246
Wed 09 Oct 2024 01:31:09 INFO detected shared parameter: encoder.sentence_encoder.embed_tokens.weight <- decoder.embed_tokens.weight
Wed 09 Oct 2024 01:31:09 INFO detected shared parameter: encoder.sentence_encoder.embed_tokens.weight <- decoder.output_projection.weight
Wed 09 Oct 2024 01:31:09 INFO ***********************CUDA enviroments for all 1 workers***********************
Wed 09 Oct 2024 01:31:09 INFO rank   0: capabilities =  8.0  ; total memory = 79.151 GB ; name = NVIDIA A800 80GB PCIe                   
Wed 09 Oct 2024 01:31:09 INFO ***********************CUDA enviroments for all 1 workers***********************
Wed 09 Oct 2024 01:31:12 INFO loaded checkpoint ./gectoolkit/properties/model/SynGEC/preprocess/gopar/chinese_Visual_text_bart_baseline/checkpoint_best.pt (epoch 26 @ 1668 updates)
Wed 09 Oct 2024 01:31:12 INFO loading train data for epoch 26
Wed 09 Oct 2024 01:31:12 INFO loaded 1960 examples from: ./gectoolkit/properties/model/SynGEC/preprocess/preprocess_data/chinese_Visual_text_with_syntax_bart/bin/train.src-tgt.src
Wed 09 Oct 2024 01:31:12 INFO loaded 1960 examples from: ./gectoolkit/properties/model/SynGEC/preprocess/preprocess_data/chinese_Visual_text_with_syntax_bart/bin/train.src-tgt.tgt
Wed 09 Oct 2024 01:31:12 INFO ./gectoolkit/properties/model/SynGEC/preprocess/preprocess_data/chinese_Visual_text_with_syntax_bart/bin train src-tgt 1960 examples
Wed 09 Oct 2024 01:31:12 INFO loaded 1960 examples from: ./gectoolkit/properties/model/SynGEC/preprocess/preprocess_data/chinese_Visual_text_with_syntax_bart/bin/train.conll.src-tgt.src
Wed 09 Oct 2024 01:31:12 INFO loaded 1960 examples from: ./gectoolkit/properties/model/SynGEC/preprocess/preprocess_data/chinese_Visual_text_with_syntax_bart/bin/train.dpd.src-tgt.src
Wed 09 Oct 2024 01:31:12 INFO loaded 1960 examples from: ./gectoolkit/properties/model/SynGEC/preprocess/preprocess_data/chinese_Visual_text_with_syntax_bart/bin/train.probs.src-tgt.src
Wed 09 Oct 2024 01:31:12 INFO success! syntax types: 1, source conll lines: 1960
Wed 09 Oct 2024 01:31:13 INFO SynGEC(
  (model): SyntaxEnhancedBARTModel(
    (encoder): SyntaxEnhancedTransformerEncoder(
      (sentence_encoder): SyntaxEnhancedSentenceTransformerEncoder(
        (dropout_module): FairseqDropout()
        (embed_tokens): Embedding(21132, 1024, padding_idx=1)
        (embed_positions): LearnedPositionalEmbedding(514, 1024, padding_idx=1)
        (layernorm_embedding): LayerNorm((1024,), eps=1e-05, elementwise_affine=True)
        (layers): ModuleList(
          (0-11): 12 x DSATransformerEncoderLayer(
            (self_attn): DSAMultiheadAttention(
              (dropout_module): FairseqDropout()
              (k_proj): Linear(in_features=1024, out_features=1024, bias=True)
              (v_proj): Linear(in_features=1024, out_features=1024, bias=True)
              (q_proj): Linear(in_features=1024, out_features=1024, bias=True)
              (out_proj): Linear(in_features=1024, out_features=1024, bias=True)
            )
            (self_attn_layer_norm): LayerNorm((1024,), eps=1e-05, elementwise_affine=True)
            (dropout_module): FairseqDropout()
            (activation_dropout_module): FairseqDropout()
            (fc1): Linear(in_features=1024, out_features=4096, bias=True)
            (fc2): Linear(in_features=4096, out_features=1024, bias=True)
            (final_layer_norm): LayerNorm((1024,), eps=1e-05, elementwise_affine=True)
          )
        )
      )
      (syntax_encoder): SyntaxEnhancedSyntaxGuidedTransformerEncoder(
        (dropout_module): FairseqDropout()
        (embed_tokens): Embedding(51, 1024, padding_idx=0)
        (layers): ModuleList(
          (0-2): 3 x GCNSyntaxGuidedTransformerEncoderLayer(
            (gcn_layer_norm): LayerNorm((1024,), eps=1e-05, elementwise_affine=True)
            (dropout_module): FairseqDropout()
            (activation_dropout_module): FairseqDropout()
            (W_out): Linear(in_features=2048, out_features=1024, bias=True)
            (W_in): Linear(in_features=2048, out_features=1024, bias=True)
            (fc): Linear(in_features=1024, out_features=1024, bias=True)
            (fc1): Linear(in_features=1024, out_features=4096, bias=True)
            (fc2): Linear(in_features=4096, out_features=1024, bias=True)
            (final_layer_norm): LayerNorm((1024,), eps=1e-05, elementwise_affine=True)
          )
        )
      )
    )
    (decoder): SyntaxEnhancedTransformerDecoder(
      (dropout_module): FairseqDropout()
      (embed_tokens): Embedding(21132, 1024, padding_idx=1)
      (embed_positions): LearnedPositionalEmbedding(514, 1024, padding_idx=1)
      (layernorm_embedding): LayerNorm((1024,), eps=1e-05, elementwise_affine=True)
      (layers): ModuleList(
        (0-11): 12 x TransformerDecoderLayer(
          (dropout_module): FairseqDropout()
          (self_attn): MultiheadAttention(
            (dropout_module): FairseqDropout()
            (k_proj): Linear(in_features=1024, out_features=1024, bias=True)
            (v_proj): Linear(in_features=1024, out_features=1024, bias=True)
            (q_proj): Linear(in_features=1024, out_features=1024, bias=True)
            (out_proj): Linear(in_features=1024, out_features=1024, bias=True)
          )
          (activation_dropout_module): FairseqDropout()
          (self_attn_layer_norm): LayerNorm((1024,), eps=1e-05, elementwise_affine=True)
          (encoder_attn): MultiheadAttention(
            (dropout_module): FairseqDropout()
            (k_proj): Linear(in_features=1024, out_features=1024, bias=True)
            (v_proj): Linear(in_features=1024, out_features=1024, bias=True)
            (q_proj): Linear(in_features=1024, out_features=1024, bias=True)
            (out_proj): Linear(in_features=1024, out_features=1024, bias=True)
          )
          (encoder_attn_layer_norm): LayerNorm((1024,), eps=1e-05, elementwise_affine=True)
          (fc1): Linear(in_features=1024, out_features=4096, bias=True)
          (fc2): Linear(in_features=4096, out_features=1024, bias=True)
          (final_layer_norm): LayerNorm((1024,), eps=1e-05, elementwise_affine=True)
        )
      )
      (output_projection): Linear(in_features=1024, out_features=21132, bias=False)
    )
    (classification_heads): ModuleDict()
  )
  (criterion): LabelSmoothedCrossEntropyCriterion()
)
Wed 09 Oct 2024 01:31:13 INFO start training...
Wed 09 Oct 2024 01:31:14 INFO | supervised_trainer |NOTE: overflow detected, setting loss scale to: 64.0
Wed 09 Oct 2024 01:31:14 INFO | supervised_trainer |NOTE: overflow detected, setting loss scale to: 32.0
Wed 09 Oct 2024 01:31:15 INFO | supervised_trainer |NOTE: overflow detected, setting loss scale to: 16.0
Wed 09 Oct 2024 01:31:17 INFO | supervised_trainer |NOTE: overflow detected, setting loss scale to: 8.0
Wed 09 Oct 2024 01:31:19 INFO | supervised_trainer |NOTE: overflow detected, setting loss scale to: 4.0
Wed 09 Oct 2024 01:31:26 INFO epoch [  1] train time 0h 0m 12s |  loss |[6151.097]
Wed 09 Oct 2024 01:31:30 INFO | supervised_trainer |NOTE: overflow detected, setting loss scale to: 2.0
Wed 09 Oct 2024 01:31:37 INFO epoch [  2] train time 0h 0m 11s |  loss |[4598.757]
Wed 09 Oct 2024 01:31:39 INFO | supervised_trainer |NOTE: overflow detected, setting loss scale to: 1.0
Wed 09 Oct 2024 01:31:49 INFO epoch [  3] train time 0h 0m 11s |  loss |[2533.943]
Wed 09 Oct 2024 01:32:00 INFO epoch [  4] train time 0h 0m 11s |  loss |[1796.841]
Wed 09 Oct 2024 01:32:11 INFO epoch [  5] train time 0h 0m 11s |  loss |[1588.679]
Wed 09 Oct 2024 01:32:23 INFO epoch [  6] train time 0h 0m 11s |  loss |[1494.643]
Wed 09 Oct 2024 01:32:34 INFO epoch [  7] train time 0h 0m 11s |  loss |[1451.581]
Wed 09 Oct 2024 01:32:46 INFO epoch [  8] train time 0h 0m 11s |  loss |[1413.929]
Wed 09 Oct 2024 01:32:58 INFO epoch [  9] train time 0h 0m 11s |  loss |[1400.467]
Wed 09 Oct 2024 01:33:09 INFO epoch [ 10] train time 0h 0m 11s |  loss |[1377.774]
Wed 09 Oct 2024 01:34:23 INFO ---------- valid total [245] | valid precision [0.252] | valid recall [0.245] | valid f0.5 [0.224] | valid time 0h 1m 14s
Wed 09 Oct 2024 01:35:38 INFO ---------- test total [246] | test precision [0.280] | test recall [0.272] | test f0.5 [0.234] | test time 0h 1m 14s
Wed 09 Oct 2024 01:35:51 INFO epoch [ 11] train time 0h 0m 11s |  loss |[1361.076]
Wed 09 Oct 2024 01:36:03 INFO epoch [ 12] train time 0h 0m 11s |  loss |[1351.093]
Wed 09 Oct 2024 01:36:14 INFO epoch [ 13] train time 0h 0m 11s |  loss |[1340.178]
Wed 09 Oct 2024 01:36:26 INFO epoch [ 14] train time 0h 0m 11s |  loss |[1327.140]
Wed 09 Oct 2024 01:36:37 INFO epoch [ 15] train time 0h 0m 11s |  loss |[1320.745]
Wed 09 Oct 2024 01:36:49 INFO epoch [ 16] train time 0h 0m 11s |  loss |[1313.908]
Wed 09 Oct 2024 01:37:01 INFO epoch [ 17] train time 0h 0m 11s |  loss |[1308.293]
Wed 09 Oct 2024 01:37:12 INFO epoch [ 18] train time 0h 0m 11s |  loss |[1304.744]
Wed 09 Oct 2024 01:37:24 INFO epoch [ 19] train time 0h 0m 11s |  loss |[1304.157]
Wed 09 Oct 2024 01:37:35 INFO epoch [ 20] train time 0h 0m 11s |  loss |[1298.205]
Wed 09 Oct 2024 01:38:51 INFO ---------- valid total [245] | valid precision [0.251] | valid recall [0.249] | valid f0.5 [0.227] | valid time 0h 1m 15s
Wed 09 Oct 2024 01:40:05 INFO ---------- test total [246] | test precision [0.281] | test recall [0.286] | test f0.5 [0.247] | test time 0h 1m 14s
Wed 09 Oct 2024 01:40:19 INFO epoch [ 21] train time 0h 0m 11s |  loss |[1295.496]
Wed 09 Oct 2024 01:40:23 INFO | supervised_trainer |NOTE: overflow detected, setting loss scale to: 0.5
Wed 09 Oct 2024 01:40:30 INFO epoch [ 22] train time 0h 0m 11s |  loss |[1288.601]
Wed 09 Oct 2024 01:40:42 INFO epoch [ 23] train time 0h 0m 11s |  loss |[1288.629]
Wed 09 Oct 2024 01:40:53 INFO epoch [ 24] train time 0h 0m 11s |  loss |[1287.412]
Wed 09 Oct 2024 01:41:05 INFO epoch [ 25] train time 0h 0m 11s |  loss |[1289.373]
Wed 09 Oct 2024 01:41:16 INFO epoch [ 26] train time 0h 0m 11s |  loss |[1283.790]
Wed 09 Oct 2024 01:41:28 INFO epoch [ 27] train time 0h 0m 11s |  loss |[1276.964]
Wed 09 Oct 2024 01:41:40 INFO epoch [ 28] train time 0h 0m 11s |  loss |[1279.493]
Wed 09 Oct 2024 01:41:51 INFO epoch [ 29] train time 0h 0m 11s |  loss |[1274.453]
Wed 09 Oct 2024 01:42:03 INFO epoch [ 30] train time 0h 0m 11s |  loss |[1272.610]
Wed 09 Oct 2024 01:43:18 INFO ---------- valid total [245] | valid precision [0.251] | valid recall [0.250] | valid f0.5 [0.223] | valid time 0h 1m 15s
Wed 09 Oct 2024 01:44:33 INFO ---------- test total [246] | test precision [0.257] | test recall [0.258] | test f0.5 [0.223] | test time 0h 1m 14s
Wed 09 Oct 2024 01:44:44 INFO epoch [ 31] train time 0h 0m 11s |  loss |[1263.221]
Wed 09 Oct 2024 01:44:56 INFO epoch [ 32] train time 0h 0m 11s |  loss |[1266.148]
Wed 09 Oct 2024 01:45:07 INFO epoch [ 33] train time 0h 0m 11s |  loss |[1266.934]
Wed 09 Oct 2024 01:45:19 INFO epoch [ 34] train time 0h 0m 11s |  loss |[1257.577]
Wed 09 Oct 2024 01:45:30 INFO epoch [ 35] train time 0h 0m 11s |  loss |[1262.745]
Wed 09 Oct 2024 01:45:42 INFO epoch [ 36] train time 0h 0m 11s |  loss |[1260.517]
Wed 09 Oct 2024 01:45:53 INFO epoch [ 37] train time 0h 0m 11s |  loss |[1257.897]
Wed 09 Oct 2024 01:46:05 INFO epoch [ 38] train time 0h 0m 11s |  loss |[1253.916]
Wed 09 Oct 2024 01:46:17 INFO epoch [ 39] train time 0h 0m 11s |  loss |[1258.851]
Wed 09 Oct 2024 01:46:28 INFO epoch [ 40] train time 0h 0m 11s |  loss |[1256.896]
Wed 09 Oct 2024 01:47:43 INFO ---------- valid total [245] | valid precision [0.260] | valid recall [0.254] | valid f0.5 [0.232] | valid time 0h 1m 15s
Wed 09 Oct 2024 01:48:58 INFO ---------- test total [246] | test precision [0.277] | test recall [0.279] | test f0.5 [0.246] | test time 0h 1m 14s
Wed 09 Oct 2024 01:49:11 INFO epoch [ 41] train time 0h 0m 11s |  loss |[1247.828]
Wed 09 Oct 2024 01:49:23 INFO epoch [ 42] train time 0h 0m 11s |  loss |[1250.288]
Wed 09 Oct 2024 01:49:34 INFO epoch [ 43] train time 0h 0m 11s |  loss |[1255.747]
Wed 09 Oct 2024 01:49:46 INFO epoch [ 44] train time 0h 0m 11s |  loss |[1252.938]
Wed 09 Oct 2024 01:49:57 INFO epoch [ 45] train time 0h 0m 11s |  loss |[1244.125]
Wed 09 Oct 2024 01:50:09 INFO epoch [ 46] train time 0h 0m 11s |  loss |[1251.640]
Wed 09 Oct 2024 01:50:21 INFO epoch [ 47] train time 0h 0m 11s |  loss |[1244.404]
Wed 09 Oct 2024 01:50:32 INFO epoch [ 48] train time 0h 0m 11s |  loss |[1240.839]
Wed 09 Oct 2024 01:50:44 INFO epoch [ 49] train time 0h 0m 11s |  loss |[1246.204]
Wed 09 Oct 2024 01:50:56 INFO epoch [ 50] train time 0h 0m 11s |  loss |[1239.288]
Wed 09 Oct 2024 01:52:11 INFO ---------- valid total [245] | valid precision [0.257] | valid recall [0.258] | valid f0.5 [0.230] | valid time 0h 1m 15s
Wed 09 Oct 2024 01:53:26 INFO ---------- test total [246] | test precision [0.280] | test recall [0.278] | test f0.5 [0.239] | test time 0h 1m 14s
Wed 09 Oct 2024 01:53:37 INFO epoch [ 51] train time 0h 0m 11s |  loss |[1244.934]
Wed 09 Oct 2024 01:53:49 INFO epoch [ 52] train time 0h 0m 11s |  loss |[1241.456]
Wed 09 Oct 2024 01:54:00 INFO epoch [ 53] train time 0h 0m 11s |  loss |[1238.576]
Wed 09 Oct 2024 01:54:12 INFO epoch [ 54] train time 0h 0m 11s |  loss |[1241.229]
Wed 09 Oct 2024 01:54:23 INFO epoch [ 55] train time 0h 0m 11s |  loss |[1237.975]
Wed 09 Oct 2024 01:54:35 INFO epoch [ 56] train time 0h 0m 11s |  loss |[1235.044]
Wed 09 Oct 2024 01:54:46 INFO epoch [ 57] train time 0h 0m 11s |  loss |[1230.779]
Wed 09 Oct 2024 01:54:58 INFO epoch [ 58] train time 0h 0m 11s |  loss |[1235.000]
Wed 09 Oct 2024 01:55:10 INFO epoch [ 59] train time 0h 0m 11s |  loss |[1230.540]
Wed 09 Oct 2024 01:55:21 INFO epoch [ 60] train time 0h 0m 11s |  loss |[1231.514]
Wed 09 Oct 2024 01:56:36 INFO ---------- valid total [245] | valid precision [0.257] | valid recall [0.250] | valid f0.5 [0.228] | valid time 0h 1m 14s
Wed 09 Oct 2024 01:57:51 INFO ---------- test total [246] | test precision [0.271] | test recall [0.267] | test f0.5 [0.229] | test time 0h 1m 14s
Wed 09 Oct 2024 01:58:02 INFO epoch [ 61] train time 0h 0m 11s |  loss |[1229.492]
Wed 09 Oct 2024 01:58:14 INFO epoch [ 62] train time 0h 0m 11s |  loss |[1231.710]
Wed 09 Oct 2024 01:58:25 INFO epoch [ 63] train time 0h 0m 11s |  loss |[1232.057]
Wed 09 Oct 2024 01:58:37 INFO epoch [ 64] train time 0h 0m 11s |  loss |[1226.317]
Wed 09 Oct 2024 01:58:49 INFO epoch [ 65] train time 0h 0m 11s |  loss |[1229.599]
Wed 09 Oct 2024 01:59:00 INFO epoch [ 66] train time 0h 0m 11s |  loss |[1229.045]
Wed 09 Oct 2024 01:59:12 INFO epoch [ 67] train time 0h 0m 11s |  loss |[1227.453]
Wed 09 Oct 2024 01:59:24 INFO epoch [ 68] train time 0h 0m 11s |  loss |[1224.278]
Wed 09 Oct 2024 01:59:35 INFO epoch [ 69] train time 0h 0m 11s |  loss |[1225.975]
Wed 09 Oct 2024 01:59:47 INFO epoch [ 70] train time 0h 0m 11s |  loss |[1225.950]
Wed 09 Oct 2024 02:01:02 INFO ---------- valid total [245] | valid precision [0.258] | valid recall [0.254] | valid f0.5 [0.230] | valid time 0h 1m 14s
Wed 09 Oct 2024 02:02:16 INFO ---------- test total [246] | test precision [0.270] | test recall [0.269] | test f0.5 [0.229] | test time 0h 1m 14s
Wed 09 Oct 2024 02:02:27 INFO epoch [ 71] train time 0h 0m 11s |  loss |[1220.431]
Wed 09 Oct 2024 02:02:39 INFO epoch [ 72] train time 0h 0m 11s |  loss |[1223.366]
Wed 09 Oct 2024 02:02:50 INFO epoch [ 73] train time 0h 0m 11s |  loss |[1227.630]
Wed 09 Oct 2024 02:03:02 INFO epoch [ 74] train time 0h 0m 11s |  loss |[1225.130]
Wed 09 Oct 2024 02:03:13 INFO epoch [ 75] train time 0h 0m 11s |  loss |[1218.816]
Wed 09 Oct 2024 02:03:25 INFO epoch [ 76] train time 0h 0m 11s |  loss |[1226.209]
Wed 09 Oct 2024 02:03:37 INFO epoch [ 77] train time 0h 0m 11s |  loss |[1218.197]
Wed 09 Oct 2024 02:03:48 INFO epoch [ 78] train time 0h 0m 11s |  loss |[1222.292]
Wed 09 Oct 2024 02:04:00 INFO epoch [ 79] train time 0h 0m 11s |  loss |[1218.642]
Wed 09 Oct 2024 02:04:11 INFO epoch [ 80] train time 0h 0m 11s |  loss |[1216.161]
Wed 09 Oct 2024 02:05:26 INFO ---------- valid total [245] | valid precision [0.268] | valid recall [0.265] | valid f0.5 [0.241] | valid time 0h 1m 15s
Wed 09 Oct 2024 02:06:41 INFO ---------- test total [246] | test precision [0.279] | test recall [0.276] | test f0.5 [0.241] | test time 0h 1m 15s
Wed 09 Oct 2024 02:06:55 INFO epoch [ 81] train time 0h 0m 11s |  loss |[1222.310]
Wed 09 Oct 2024 02:07:07 INFO epoch [ 82] train time 0h 0m 11s |  loss |[1218.173]
Wed 09 Oct 2024 02:07:18 INFO epoch [ 83] train time 0h 0m 11s |  loss |[1215.320]
Wed 09 Oct 2024 02:07:30 INFO epoch [ 84] train time 0h 0m 11s |  loss |[1219.989]
Wed 09 Oct 2024 02:07:41 INFO epoch [ 85] train time 0h 0m 11s |  loss |[1215.744]
Wed 09 Oct 2024 02:07:53 INFO epoch [ 86] train time 0h 0m 11s |  loss |[1215.974]
Wed 09 Oct 2024 02:08:05 INFO epoch [ 87] train time 0h 0m 11s |  loss |[1213.460]
Wed 09 Oct 2024 02:08:16 INFO epoch [ 88] train time 0h 0m 11s |  loss |[1215.606]
Wed 09 Oct 2024 02:08:28 INFO epoch [ 89] train time 0h 0m 11s |  loss |[1220.452]
Wed 09 Oct 2024 02:08:40 INFO epoch [ 90] train time 0h 0m 11s |  loss |[1217.403]
Wed 09 Oct 2024 02:09:55 INFO ---------- valid total [245] | valid precision [0.259] | valid recall [0.255] | valid f0.5 [0.231] | valid time 0h 1m 14s
Wed 09 Oct 2024 02:11:10 INFO ---------- test total [246] | test precision [0.285] | test recall [0.285] | test f0.5 [0.248] | test time 0h 1m 15s
Wed 09 Oct 2024 02:11:22 INFO epoch [ 91] train time 0h 0m 11s |  loss |[1211.589]
Wed 09 Oct 2024 02:11:33 INFO epoch [ 92] train time 0h 0m 11s |  loss |[1212.019]
Wed 09 Oct 2024 02:11:45 INFO epoch [ 93] train time 0h 0m 11s |  loss |[1210.400]
Wed 09 Oct 2024 02:11:56 INFO epoch [ 94] train time 0h 0m 11s |  loss |[1215.944]
Wed 09 Oct 2024 02:12:07 INFO epoch [ 95] train time 0h 0m 11s |  loss |[1211.252]
Wed 09 Oct 2024 02:12:19 INFO epoch [ 96] train time 0h 0m 11s |  loss |[1210.760]
Wed 09 Oct 2024 02:12:30 INFO epoch [ 97] train time 0h 0m 11s |  loss |[1203.554]
Wed 09 Oct 2024 02:12:42 INFO epoch [ 98] train time 0h 0m 11s |  loss |[1213.653]
Wed 09 Oct 2024 02:12:53 INFO epoch [ 99] train time 0h 0m 11s |  loss |[1208.122]
Wed 09 Oct 2024 02:13:05 INFO epoch [100] train time 0h 0m 11s |  loss |[1210.241]
Wed 09 Oct 2024 02:14:19 INFO ---------- valid total [245] | valid precision [0.269] | valid recall [0.266] | valid f0.5 [0.241] | valid time 0h 1m 14s
Wed 09 Oct 2024 02:15:33 INFO ---------- test total [246] | test precision [0.287] | test recall [0.276] | test f0.5 [0.241] | test time 0h 1m 14s
Wed 09 Oct 2024 02:15:47 INFO epoch [101] train time 0h 0m 11s |  loss |[1211.867]
Wed 09 Oct 2024 02:15:58 INFO epoch [102] train time 0h 0m 11s |  loss |[1204.209]
Wed 09 Oct 2024 02:16:09 INFO epoch [103] train time 0h 0m 11s |  loss |[1207.010]
Wed 09 Oct 2024 02:16:21 INFO epoch [104] train time 0h 0m 11s |  loss |[1211.323]
Wed 09 Oct 2024 02:16:32 INFO epoch [105] train time 0h 0m 11s |  loss |[1204.481]
Wed 09 Oct 2024 02:16:43 INFO epoch [106] train time 0h 0m 11s |  loss |[1207.530]
Wed 09 Oct 2024 02:16:55 INFO epoch [107] train time 0h 0m 11s |  loss |[1204.558]
Wed 09 Oct 2024 02:17:06 INFO epoch [108] train time 0h 0m 11s |  loss |[1206.293]
Wed 09 Oct 2024 02:17:18 INFO epoch [109] train time 0h 0m 11s |  loss |[1206.041]
Wed 09 Oct 2024 02:17:29 INFO epoch [110] train time 0h 0m 11s |  loss |[1206.975]
Wed 09 Oct 2024 02:18:43 INFO ---------- valid total [245] | valid precision [0.262] | valid recall [0.257] | valid f0.5 [0.231] | valid time 0h 1m 14s
Wed 09 Oct 2024 02:19:57 INFO ---------- test total [246] | test precision [0.288] | test recall [0.294] | test f0.5 [0.254] | test time 0h 1m 14s
Wed 09 Oct 2024 02:20:09 INFO epoch [111] train time 0h 0m 11s |  loss |[1201.627]
Wed 09 Oct 2024 02:20:20 INFO epoch [112] train time 0h 0m 11s |  loss |[1202.883]
Wed 09 Oct 2024 02:20:32 INFO epoch [113] train time 0h 0m 11s |  loss |[1203.986]
Wed 09 Oct 2024 02:20:43 INFO epoch [114] train time 0h 0m 11s |  loss |[1206.122]
Wed 09 Oct 2024 02:20:55 INFO epoch [115] train time 0h 0m 11s |  loss |[1204.154]
Wed 09 Oct 2024 02:21:06 INFO epoch [116] train time 0h 0m 11s |  loss |[1203.226]
Wed 09 Oct 2024 02:21:18 INFO epoch [117] train time 0h 0m 11s |  loss |[1204.331]
Wed 09 Oct 2024 02:21:29 INFO epoch [118] train time 0h 0m 11s |  loss |[1202.891]
Wed 09 Oct 2024 02:21:41 INFO epoch [119] train time 0h 0m 11s |  loss |[1204.286]
Wed 09 Oct 2024 02:21:53 INFO epoch [120] train time 0h 0m 11s |  loss |[1205.494]
Wed 09 Oct 2024 02:23:07 INFO ---------- valid total [245] | valid precision [0.768] | valid recall [0.064] | valid f0.5 [0.058] | valid time 0h 1m 14s
Wed 09 Oct 2024 02:24:20 INFO ---------- test total [246] | test precision [1.000] | test recall [0.000] | test f0.5 [0.000] | test time 0h 1m 12s
Wed 09 Oct 2024 02:24:20 INFO | supervised_trainer |NOTE: overflow detected, setting loss scale to: 0.25
Wed 09 Oct 2024 02:24:20 INFO | supervised_trainer |NOTE: overflow detected, setting loss scale to: 0.125
Wed 09 Oct 2024 02:24:20 INFO | supervised_trainer |NOTE: overflow detected, setting loss scale to: 0.0625
Wed 09 Oct 2024 02:24:20 INFO | supervised_trainer |NOTE: overflow detected, setting loss scale to: 0.03125
Wed 09 Oct 2024 02:24:21 INFO | supervised_trainer |NOTE: overflow detected, setting loss scale to: 0.015625
Wed 09 Oct 2024 02:24:21 INFO | supervised_trainer |NOTE: overflow detected, setting loss scale to: 0.0078125
Wed 09 Oct 2024 02:24:21 INFO | supervised_trainer |NOTE: overflow detected, setting loss scale to: 0.00390625
Wed 09 Oct 2024 02:24:21 INFO | supervised_trainer |NOTE: overflow detected, setting loss scale to: 0.001953125
Wed 09 Oct 2024 02:24:22 INFO | supervised_trainer |NOTE: overflow detected, setting loss scale to: 0.0009765625
Wed 09 Oct 2024 02:24:22 INFO | supervised_trainer |NOTE: overflow detected, setting loss scale to: 0.00048828125
Wed 09 Oct 2024 02:24:22 INFO | supervised_trainer |NOTE: overflow detected, setting loss scale to: 0.000244140625
Wed 09 Oct 2024 02:24:22 INFO | supervised_trainer |NOTE: overflow detected, setting loss scale to: 0.0001220703125
